2024-04-26 01:18:37,078 [INFO] Activator:176 - 


2024-04-26 01:18:37,080 [INFO] Activator:177 - !SESSION log4j initialized
2024-04-26 01:18:41,167 [INFO] LogOutputStream:77 - [STDOUT_REDIRECT] 
2024-04-26 01:18:43,687 [INFO] ApplicationProperties:184 - Using Application install path: C:\ST\STM32CubeIDE_1.14.1\STM32CubeIDE\plugins\com.st.stm32cube.common.mx_6.10.0.202311202037
2024-04-26 01:18:43,712 [INFO] DbMcusXml:78 - Set database path to: C:\ST\STM32CubeIDE_1.14.1\STM32CubeIDE\plugins\com.st.stm32cube.common.mx_6.10.0.202311202037\\db\/mcu/
2024-04-26 01:18:43,713 [INFO] ApiDb:274 - Set plugin database path to: C:\ST\STM32CubeIDE_1.14.1\STM32CubeIDE\plugins\com.st.stm32cube.common.mx_6.10.0.202311202037\\db\/plugins/boardmanager/
2024-04-26 01:18:43,714 [WARN] ApiDb:259 - Overriding images path with different value:  => C:\ST\STM32CubeIDE_1.14.1\STM32CubeIDE\plugins\com.st.stm32cube.common.mx_6.10.0.202311202037\\db\/plugins/mcufinder/images/
2024-04-26 01:18:43,732 [INFO] ApiDb:250 - Set database path to: C:\Users\choua\.stmcufinder\plugins\mcufinder//mcu/
2024-04-26 01:18:43,734 [INFO] DbMcusAds:125 - Set database path to: C:\Users\choua\.stmcufinder\plugins\mcufinder//mcu/
2024-04-26 01:18:43,737 [INFO] CrossReferenceDbSqlite:203 - Set database path to: C:\Users\choua\.stmcufinder\plugins\mcufinder//mcu/cs/
2024-04-26 01:18:43,929 [INFO] RulesReader:64 - Compatibility file has been processed (297 Rules)
2024-04-26 01:18:44,050 [INFO] DbMcusXml:78 - Set database path to: C:\ST\STM32CubeIDE_1.14.1\STM32CubeIDE\plugins\com.st.stm32cube.common.mx_6.10.0.202311202037\\db\/mcu/
2024-04-26 01:18:44,052 [INFO] ApiDb:274 - Set plugin database path to: C:\ST\STM32CubeIDE_1.14.1\STM32CubeIDE\plugins\com.st.stm32cube.common.mx_6.10.0.202311202037\\db\/plugins/boardmanager/
2024-04-26 01:18:44,053 [INFO] ApiDb:261 - Set plugin images path to: C:\ST\STM32CubeIDE_1.14.1\STM32CubeIDE\plugins\com.st.stm32cube.common.mx_6.10.0.202311202037\\db\/plugins/mcufinder/images/
2024-04-26 01:18:44,053 [WARN] DbFile:41 - Overriding database path with different value: C:\Users\choua\.stmcufinder\plugins\mcufinder/ => C:\Users\choua\.stmcufinder\plugins\mcufinder
2024-04-26 01:18:44,054 [INFO] ApiDb:250 - Set database path to: C:\Users\choua\.stmcufinder\plugins\mcufinder//mcu/
2024-04-26 01:18:44,054 [WARN] DbFile:41 - Overriding database path with different value: C:\Users\choua\.stmcufinder\plugins\mcufinder/ => C:\Users\choua\.stmcufinder\plugins\mcufinder
2024-04-26 01:18:44,054 [INFO] DbMcusAds:125 - Set database path to: C:\Users\choua\.stmcufinder\plugins\mcufinder//mcu/
2024-04-26 01:18:44,054 [WARN] DbFile:41 - Overriding database path with different value: C:\Users\choua\.stmcufinder\plugins\mcufinder/ => C:\Users\choua\.stmcufinder\plugins\mcufinder
2024-04-26 01:18:44,054 [WARN] DbFile:41 - Overriding database path with different value: C:\Users\choua\.stmcufinder\plugins\mcufinder/ => C:\Users\choua\.stmcufinder\plugins\mcufinder
2024-04-26 01:18:44,054 [INFO] CrossReferenceDbSqlite:203 - Set database path to: C:\Users\choua\.stmcufinder\plugins\mcufinder//mcu/cs/
2024-04-26 01:18:44,173 [INFO] MainPanel:264 - HeapMemory: 268435456
2024-04-26 01:18:44,310 [INFO] DbMcusXml:78 - Set database path to: C:\ST\STM32CubeIDE_1.14.1\STM32CubeIDE\plugins\com.st.stm32cube.common.mx_6.10.0.202311202037\\db\/mcu/
2024-04-26 01:18:44,311 [INFO] ApiDb:274 - Set plugin database path to: C:\ST\STM32CubeIDE_1.14.1\STM32CubeIDE\plugins\com.st.stm32cube.common.mx_6.10.0.202311202037\\db\/plugins/boardmanager/
2024-04-26 01:18:44,311 [INFO] ApiDb:261 - Set plugin images path to: C:\ST\STM32CubeIDE_1.14.1\STM32CubeIDE\plugins\com.st.stm32cube.common.mx_6.10.0.202311202037\\db\/plugins/mcufinder/images/
2024-04-26 01:18:44,311 [WARN] DbFile:41 - Overriding database path with different value: C:\Users\choua\.stmcufinder\plugins\mcufinder/ => C:\Users\choua\.stmcufinder\plugins\mcufinder
2024-04-26 01:18:44,312 [INFO] ApiDb:250 - Set database path to: C:\Users\choua\.stmcufinder\plugins\mcufinder//mcu/
2024-04-26 01:18:44,312 [WARN] DbFile:41 - Overriding database path with different value: C:\Users\choua\.stmcufinder\plugins\mcufinder/ => C:\Users\choua\.stmcufinder\plugins\mcufinder
2024-04-26 01:18:44,312 [INFO] DbMcusAds:125 - Set database path to: C:\Users\choua\.stmcufinder\plugins\mcufinder//mcu/
2024-04-26 01:18:44,312 [WARN] DbFile:41 - Overriding database path with different value: C:\Users\choua\.stmcufinder\plugins\mcufinder/ => C:\Users\choua\.stmcufinder\plugins\mcufinder
2024-04-26 01:18:44,312 [WARN] DbFile:41 - Overriding database path with different value: C:\Users\choua\.stmcufinder\plugins\mcufinder/ => C:\Users\choua\.stmcufinder\plugins\mcufinder
2024-04-26 01:18:44,312 [INFO] CrossReferenceDbSqlite:203 - Set database path to: C:\Users\choua\.stmcufinder\plugins\mcufinder//mcu/cs/
2024-04-26 01:18:44,339 [INFO] ApplicationProperties:184 - Using Application install path: C:\ST\STM32CubeIDE_1.14.1\STM32CubeIDE\plugins\com.st.stm32cube.common.mx_6.10.0.202311202037
2024-04-26 01:18:44,341 [INFO] PluginManage:196 - Search for loadable plugins [exclusion list=, ]
2024-04-26 01:18:44,343 [INFO] PluginManage:310 - Check plugin analytics
2024-04-26 01:18:44,621 [INFO] AnalyticsPlugin:253 - Accepted Software Licenses: STM32CubeMX.6.10.0
2024-04-26 01:18:44,622 [INFO] AnalyticsPlugin:255 - Accepted CMSIS Pack Licenses: 
2024-04-26 01:18:44,622 [INFO] AnalyticsPlugin:257 - Accepted Firmware Licenses: FW.L4.1.18.0,FW.C0.1.1.0,FW.H5.1.1.0,FW.U5.1.4.0
2024-04-26 01:18:44,626 [INFO] PluginManage:359 - Loaded plugin analytics (category:tool,tabindex:-1)
2024-04-26 01:18:44,627 [INFO] PluginManage:310 - Check plugin cadmodel
2024-04-26 01:18:44,692 [INFO] CADModel:105 - Init CAD model plugin
2024-04-26 01:18:44,692 [INFO] PluginManage:359 - Loaded plugin cadmodel (category:power,tabindex:5)
2024-04-26 01:18:44,692 [INFO] PluginManage:310 - Check plugin clock
2024-04-26 01:18:44,725 [INFO] PluginManage:359 - Loaded plugin clock (category:base,tabindex:2)
2024-04-26 01:18:44,725 [INFO] PluginManage:310 - Check plugin ddr
2024-04-26 01:18:44,728 [INFO] PluginManage:359 - Loaded plugin ddr (category:tool,tabindex:6)
2024-04-26 01:18:44,728 [INFO] PluginManage:310 - Check plugin filemanager
2024-04-26 01:18:44,966 [INFO] PluginManage:359 - Loaded plugin filemanager (category:base,tabindex:10)
2024-04-26 01:18:44,966 [INFO] PluginManage:310 - Check plugin ipmanager
2024-04-26 01:18:44,979 [INFO] PluginManage:359 - Loaded plugin ipmanager (category:base,tabindex:5)
2024-04-26 01:18:44,980 [INFO] PluginManage:310 - Check plugin lpbam
2024-04-26 01:18:45,018 [INFO] PluginManage:359 - Loaded plugin lpbam (category:base,tabindex:0)
2024-04-26 01:18:45,019 [INFO] PluginManage:310 - Check plugin memorymap
2024-04-26 01:18:45,047 [INFO] PluginManage:359 - Loaded plugin memorymap (category:base,tabindex:4)
2024-04-26 01:18:45,048 [INFO] PluginManage:310 - Check plugin pinoutandconfiguration
2024-04-26 01:18:45,069 [INFO] PluginManage:359 - Loaded plugin pinoutandconfiguration (category:base,tabindex:1)
2024-04-26 01:18:45,069 [INFO] PluginManage:310 - Check plugin pinoutconfig
2024-04-26 01:18:45,221 [WARN] SupportedApi:132 - Cannot load RTOS API schema: s4s-elt-must-match.1: The content of 'definitions' must match (annotation?, (simpleType | complexType)?, (unique | key | keyref)*)). A problem was found starting at: attribute.
2024-04-26 01:18:45,427 [INFO] PluginManage:359 - Loaded plugin pinoutconfig (category:base,tabindex:0)
2024-04-26 01:18:45,428 [INFO] PluginManage:310 - Check plugin power
2024-04-26 01:18:45,457 [INFO] PluginManage:359 - Loaded plugin power (category:power,tabindex:4)
2024-04-26 01:18:45,457 [INFO] PluginManage:310 - Check plugin projectmanager
2024-04-26 01:18:45,476 [INFO] PluginManage:359 - Loaded plugin projectmanager (category:projectmanager,tabindex:3)
2024-04-26 01:18:45,477 [INFO] PluginManage:310 - Check plugin thirdparty
2024-04-26 01:18:45,874 [INFO] PluginManage:359 - Loaded plugin thirdparty (category:base,tabindex:-1)
2024-04-26 01:18:45,874 [INFO] PluginManage:310 - Check plugin tools
2024-04-26 01:18:45,874 [WARN] IntegrityCheckThread:84 - waiting for thirdparty lock release [integrity check]
2024-04-26 01:18:45,874 [INFO] IntegrityCheckThread:86 - entering critical section [integrity check]
2024-04-26 01:18:45,875 [INFO] ThirdPartyUpdaterWithRetryManager:70 - Updater plugin not ready yet. [1/15]
2024-04-26 01:18:45,921 [INFO] PluginManage:359 - Loaded plugin tools (category:base,tabindex:7)
2024-04-26 01:18:45,921 [INFO] PluginManage:310 - Check plugin tutovideos
2024-04-26 01:18:46,255 [INFO] PluginManage:359 - Loaded plugin tutovideos (category:base,tabindex:-1)
2024-04-26 01:18:46,255 [INFO] PluginManage:310 - Check plugin updater
2024-04-26 01:18:46,271 [INFO] PluginManage:359 - Loaded plugin updater (category:base,tabindex:12)
2024-04-26 01:18:46,271 [INFO] PluginManage:310 - Check plugin userauth
2024-04-26 01:18:46,279 [INFO] UserAuth:114 - Init User Auth plugin
2024-04-26 01:18:46,279 [INFO] PluginManage:359 - Loaded plugin userauth (category:base,tabindex:14)
2024-04-26 01:18:46,280 [INFO] PluginManage:283 - PluginManage : Loaded plugins [17]
2024-04-26 01:18:46,588 [INFO] PinOutPanel:1499 - setPackage(No Configuration,No Configuration)
2024-04-26 01:18:46,694 [INFO] CADModel:165 - CPN selected for project level
2024-04-26 01:18:46,694 [INFO] CADModel:114 - Register for checkConnection events
2024-04-26 01:18:46,796 [INFO] IPUIPlugin:80 - create IPUIPlugin
2024-04-26 01:18:46,796 [INFO] PluginManager:220 - loadIPPluginJar : add adc
2024-04-26 01:18:46,840 [INFO] IPUIPlugin:80 - create IPUIPlugin
2024-04-26 01:18:46,841 [INFO] PluginManager:220 - loadIPPluginJar : add aes
2024-04-26 01:18:46,913 [INFO] IPUIPlugin:80 - create IPUIPlugin
2024-04-26 01:18:46,913 [INFO] PluginManager:220 - loadIPPluginJar : add can
2024-04-26 01:18:46,951 [INFO] IPUIPlugin:80 - create IPUIPlugin
2024-04-26 01:18:46,951 [INFO] PluginManager:220 - loadIPPluginJar : add comp
2024-04-26 01:18:47,002 [INFO] IPUIPlugin:80 - create IPUIPlugin
2024-04-26 01:18:47,003 [INFO] PluginManager:220 - loadIPPluginJar : add cryp
2024-04-26 01:18:47,042 [INFO] IPUIPlugin:80 - create IPUIPlugin
2024-04-26 01:18:47,042 [INFO] PluginManager:220 - loadIPPluginJar : add dfsdm
2024-04-26 01:18:47,064 [INFO] IPUIPlugin:80 - create IPUIPlugin
2024-04-26 01:18:47,065 [INFO] PluginManager:220 - loadIPPluginJar : add dma
2024-04-26 01:18:47,127 [INFO] IPUIPlugin:80 - create IPUIPlugin
2024-04-26 01:18:47,127 [INFO] PluginManager:220 - loadIPPluginJar : add dma3
2024-04-26 01:18:47,154 [INFO] IPUIPlugin:80 - create IPUIPlugin
2024-04-26 01:18:47,154 [INFO] PluginManager:220 - loadIPPluginJar : add fatfs
2024-04-26 01:18:47,228 [INFO] IPUIPlugin:80 - create IPUIPlugin
2024-04-26 01:18:47,228 [INFO] PluginManager:220 - loadIPPluginJar : add fmc
2024-04-26 01:18:47,250 [INFO] IPUIPlugin:80 - create IPUIPlugin
2024-04-26 01:18:47,250 [INFO] PluginManager:220 - loadIPPluginJar : add freertos
2024-04-26 01:18:47,275 [INFO] IPUIPlugin:80 - create IPUIPlugin
2024-04-26 01:18:47,275 [INFO] PluginManager:220 - loadIPPluginJar : add genericplugin
2024-04-26 01:18:47,400 [INFO] IPUIPlugin:80 - create IPUIPlugin
2024-04-26 01:18:47,401 [INFO] PluginManager:220 - loadIPPluginJar : add gfxmmu
2024-04-26 01:18:47,569 [INFO] IPUIPlugin:80 - create IPUIPlugin
2024-04-26 01:18:47,569 [INFO] PluginManager:220 - loadIPPluginJar : add gic
2024-04-26 01:18:47,590 [INFO] IPUIPlugin:80 - create IPUIPlugin
2024-04-26 01:18:47,591 [INFO] PluginManager:220 - loadIPPluginJar : add gpio
2024-04-26 01:18:47,726 [INFO] IPUIPlugin:80 - create IPUIPlugin
2024-04-26 01:18:47,727 [INFO] PluginManager:220 - loadIPPluginJar : add gtzc
2024-04-26 01:18:47,776 [INFO] IPUIPlugin:80 - create IPUIPlugin
2024-04-26 01:18:47,776 [INFO] PluginManager:220 - loadIPPluginJar : add hash
2024-04-26 01:18:47,850 [INFO] IPUIPlugin:80 - create IPUIPlugin
2024-04-26 01:18:47,850 [INFO] PluginManager:220 - loadIPPluginJar : add i2c
2024-04-26 01:18:47,909 [INFO] IPUIPlugin:80 - create IPUIPlugin
2024-04-26 01:18:47,909 [INFO] PluginManager:220 - loadIPPluginJar : add i2s
2024-04-26 01:18:47,979 [INFO] IPUIPlugin:80 - create IPUIPlugin
2024-04-26 01:18:47,980 [INFO] PluginManager:220 - loadIPPluginJar : add i3c
2024-04-26 01:18:48,127 [INFO] IPUIPlugin:80 - create IPUIPlugin
2024-04-26 01:18:48,127 [INFO] PluginManager:220 - loadIPPluginJar : add ipddr
2024-04-26 01:18:48,270 [INFO] IPUIPlugin:80 - create IPUIPlugin
2024-04-26 01:18:48,271 [INFO] PluginManager:220 - loadIPPluginJar : add linkedlist
2024-04-26 01:18:48,313 [INFO] IPUIPlugin:80 - create IPUIPlugin
2024-04-26 01:18:48,313 [INFO] PluginManager:220 - loadIPPluginJar : add lorawan
2024-04-26 01:18:48,373 [INFO] IPUIPlugin:80 - create IPUIPlugin
2024-04-26 01:18:48,373 [INFO] PluginManager:220 - loadIPPluginJar : add ltdc
2024-04-26 01:18:48,393 [INFO] IPUIPlugin:80 - create IPUIPlugin
2024-04-26 01:18:48,393 [INFO] PluginManager:220 - loadIPPluginJar : add mdma
2024-04-26 01:18:48,411 [INFO] IPUIPlugin:80 - create IPUIPlugin
2024-04-26 01:18:48,411 [INFO] PluginManager:220 - loadIPPluginJar : add nvic
2024-04-26 01:18:48,462 [INFO] IPUIPlugin:80 - create IPUIPlugin
2024-04-26 01:18:48,462 [INFO] PluginManager:220 - loadIPPluginJar : add opamp
2024-04-26 01:18:48,534 [INFO] IPUIPlugin:80 - create IPUIPlugin
2024-04-26 01:18:48,535 [INFO] PluginManager:220 - loadIPPluginJar : add openamp
2024-04-26 01:18:48,607 [INFO] IPUIPlugin:80 - create IPUIPlugin
2024-04-26 01:18:48,607 [INFO] PluginManager:220 - loadIPPluginJar : add pdm2pcm
2024-04-26 01:18:48,627 [INFO] IPUIPlugin:80 - create IPUIPlugin
2024-04-26 01:18:48,630 [INFO] PluginManager:220 - loadIPPluginJar : add plateformsettings
2024-04-26 01:18:48,660 [INFO] IPUIPlugin:80 - create IPUIPlugin
2024-04-26 01:18:48,660 [INFO] PluginManager:220 - loadIPPluginJar : add quadspi
2024-04-26 01:18:48,675 [INFO] IPUIPlugin:80 - create IPUIPlugin
2024-04-26 01:18:48,676 [INFO] PluginManager:220 - loadIPPluginJar : add resmgrutility
2024-04-26 01:18:48,747 [INFO] IPUIPlugin:80 - create IPUIPlugin
2024-04-26 01:18:48,747 [INFO] PluginManager:220 - loadIPPluginJar : add sai
2024-04-26 01:18:48,807 [INFO] IPUIPlugin:80 - create IPUIPlugin
2024-04-26 01:18:48,807 [INFO] PluginManager:220 - loadIPPluginJar : add spi
2024-04-26 01:18:48,876 [INFO] ThirdPartyUpdaterWithRetryManager:70 - Updater plugin not ready yet. [2/15]
2024-04-26 01:18:48,899 [INFO] IPUIPlugin:80 - create IPUIPlugin
2024-04-26 01:18:48,899 [INFO] PluginManager:220 - loadIPPluginJar : add stm32_wpan
2024-04-26 01:18:48,936 [INFO] IPUIPlugin:80 - create IPUIPlugin
2024-04-26 01:18:48,936 [INFO] PluginManager:220 - loadIPPluginJar : add tim
2024-04-26 01:18:49,022 [INFO] IPUIPlugin:80 - create IPUIPlugin
2024-04-26 01:18:49,022 [INFO] PluginManager:220 - loadIPPluginJar : add touchsensing
2024-04-26 01:18:49,055 [INFO] IPUIPlugin:80 - create IPUIPlugin
2024-04-26 01:18:49,055 [INFO] PluginManager:220 - loadIPPluginJar : add tracer_emb
2024-04-26 01:18:49,088 [INFO] IPUIPlugin:80 - create IPUIPlugin
2024-04-26 01:18:49,089 [INFO] PluginManager:220 - loadIPPluginJar : add ts
2024-04-26 01:18:49,120 [INFO] IPUIPlugin:80 - create IPUIPlugin
2024-04-26 01:18:49,120 [INFO] PluginManager:220 - loadIPPluginJar : add tsc
2024-04-26 01:18:49,161 [INFO] IPUIPlugin:80 - create IPUIPlugin
2024-04-26 01:18:49,161 [INFO] PluginManager:220 - loadIPPluginJar : add ucpd
2024-04-26 01:18:49,227 [INFO] IPUIPlugin:80 - create IPUIPlugin
2024-04-26 01:18:49,228 [INFO] PluginManager:220 - loadIPPluginJar : add usart
2024-04-26 01:18:49,300 [INFO] IPUIPlugin:80 - create IPUIPlugin
2024-04-26 01:18:49,300 [INFO] PluginManager:220 - loadIPPluginJar : add usbx
2024-04-26 01:18:49,451 [INFO] CADModel:165 - CPN selected for project level
2024-04-26 01:18:49,451 [INFO] CADModel:114 - Register for checkConnection events
2024-04-26 01:18:49,452 [FATAL] Updater:308 - Updater called before beeing initialized
2024-04-26 01:18:49,452 [ERROR] CADModel:125 - Updater not yet initialized, retry later 
2024-04-26 01:18:49,654 [INFO] CADModel:165 - CPN selected for project level
2024-04-26 01:18:49,654 [INFO] CADModel:114 - Register for checkConnection events
2024-04-26 01:18:49,654 [FATAL] Updater:308 - Updater called before beeing initialized
2024-04-26 01:18:49,654 [ERROR] CADModel:125 - Updater not yet initialized, retry later 
2024-04-26 01:18:49,659 [FATAL] Updater:308 - Updater called before beeing initialized
2024-04-26 01:18:50,035 [FATAL] Updater:308 - Updater called before beeing initialized
2024-04-26 01:18:50,052 [INFO] DbMcusAds:53 - JSON generation date=Wed Nov 29 18:52:27 GMT+08:00 2023 (1701255147349)
2024-04-26 01:18:50,053 [FATAL] Updater:308 - Updater called before beeing initialized
2024-04-26 01:18:50,160 [WARN] DetailPanel:346 - Failed to get advertising image, set to default
2024-04-26 01:18:50,283 [FATAL] Updater:308 - Updater called before beeing initialized
2024-04-26 01:18:50,287 [FATAL] Updater:308 - Updater called before beeing initialized
2024-04-26 01:18:50,287 [FATAL] Updater:308 - Updater called before beeing initialized
2024-04-26 01:18:50,287 [WARN] DetailPanel:346 - Failed to get advertising image, set to default
2024-04-26 01:18:50,288 [FATAL] Updater:308 - Updater called before beeing initialized
2024-04-26 01:18:50,385 [ERROR] Updater:1120 - MainUpdater not yet initialized. External WinMGr cannot be set.
2024-04-26 01:18:50,400 [INFO] Updater:1056 - Updater Version found : 6.10.0
2024-04-26 01:18:50,429 [INFO] ApplicationProperties:184 - Using Application install path: C:\ST\STM32CubeIDE_1.14.1\STM32CubeIDE\plugins\com.st.stm32cube.common.mx_6.10.0.202311202037
2024-04-26 01:18:51,877 [INFO] ThirdPartyUpdaterWithRetryManager:70 - Updater plugin not ready yet. [3/15]
2024-04-26 01:18:52,027 [ERROR] LogOutputStream:75 - [STDERR_REDIRECT] Apr 26, 2024 1:18:52 AM java.util.prefs.WindowsPreferences <init>
2024-04-26 01:18:52,029 [ERROR] LogOutputStream:75 - [STDERR_REDIRECT] WARNING: Could not open/create prefs root node Software\JavaSoft\Prefs at root 0xffffffff80000002. Windows RegCreateKeyEx(...) returned error code 5.
2024-04-26 01:18:52,029 [ERROR] LogOutputStream:75 - [STDERR_REDIRECT] 
2024-04-26 01:18:52,431 [INFO] MainUpdater:2873 - connection check result : 10
2024-04-26 01:18:52,432 [INFO] MainUpdater:290 - Updater Check For Update Now.
2024-04-26 01:18:52,432 [INFO] MicroXplorer:498 - Change Database Version : DB.6.0.100
2024-04-26 01:18:52,482 [INFO] McuFinderGlobals:63 - Set McuFinder mode to 2 (CubeIDE integrated)
2024-04-26 01:18:52,482 [INFO] UserAuth:180 - activating auth plugin
2024-04-26 01:18:52,487 [INFO] UserAuth:404 - Internet connection configuration mode: 1
2024-04-26 01:18:52,534 [INFO] JxBrowserEngine:152 - Initiate JxBrowser Engine with user profile folder
2024-04-26 01:18:52,690 [INFO] CheckServerUpdateThread:120 - End of CheckServer Thread
2024-04-26 01:18:55,081 [WARN] PackLoader:240 - Cannot read IP mode file for STMicroelectronics.X-CUBE-SMBUS.2.1.0
2024-04-26 01:18:55,191 [WARN] PackLoader:240 - Cannot read IP mode file for STMicroelectronics.X-CUBE-AZRTOS-F7.1.1.0
2024-04-26 01:18:55,227 [WARN] PackLoader:240 - Cannot read IP mode file for STMicroelectronics.FP-SNS-FLIGHT1.5.0.2
2024-04-26 01:18:55,259 [WARN] PackLoader:240 - Cannot read IP mode file for STMicroelectronics.X-CUBE-DISPLAY.3.0.0
2024-04-26 01:18:55,295 [WARN] PackLoader:240 - Cannot read IP mode file for STMicroelectronics.X-CUBE-BLE1.7.0.0
2024-04-26 01:18:55,318 [WARN] PackLoader:240 - Cannot read IP mode file for STMicroelectronics.FP-SNS-SMARTAG2.1.2.0
2024-04-26 01:18:55,352 [INFO] LogOutputStream:77 - [STDOUT_REDIRECT] 1 : Invalid condition id : UX_CORESTACK_Condition cause : null
2024-04-26 01:18:55,353 [INFO] LogOutputStream:77 - [STDOUT_REDIRECT] 1 : Invalid condition id : UX_CORESTACK_Condition cause : null
2024-04-26 01:18:55,355 [INFO] LogOutputStream:77 - [STDOUT_REDIRECT] 1 : Invalid condition id : UX_CORESTACK_Condition cause : null
2024-04-26 01:18:55,357 [INFO] LogOutputStream:77 - [STDOUT_REDIRECT] 1 : Invalid condition id : UX_CORESTACK_Condition cause : null
2024-04-26 01:18:55,360 [INFO] LogOutputStream:77 - [STDOUT_REDIRECT] 1 : Invalid condition id : UX_CORESTACK_Condition cause : null
2024-04-26 01:18:55,365 [WARN] PackLoader:240 - Cannot read IP mode file for STMicroelectronics.X-CUBE-AZRTOS-WL.2.0.0
2024-04-26 01:18:55,391 [WARN] PackLoader:240 - Cannot read IP mode file for STMicroelectronics.X-CUBE-BLE2.3.3.0
2024-04-26 01:18:55,417 [WARN] PackLoader:240 - Cannot read IP mode file for STMicroelectronics.X-CUBE-ALGOBUILD.1.3.0
2024-04-26 01:18:55,468 [WARN] PackLoader:240 - Cannot read IP mode file for STMicroelectronics.X-CUBE-AZRTOS-G0.1.1.0
2024-04-26 01:18:55,495 [WARN] PackLoader:240 - Cannot read IP mode file for STMicroelectronics.X-CUBE-NFC4.3.0.0
2024-04-26 01:18:55,515 [WARN] PackLoader:240 - Cannot read IP mode file for STMicroelectronics.FP-ATR-SIGFOX1.3.2.0
2024-04-26 01:18:55,574 [WARN] PackLoader:240 - Cannot read IP mode file for SEGGER.I-CUBE-embOS.1.3.1
2024-04-26 01:18:55,636 [WARN] PackLoader:240 - Cannot read IP mode file for STMicroelectronics.X-CUBE-GNSS1.6.0.0
2024-04-26 01:18:55,678 [WARN] PackLoader:240 - Cannot read IP mode file for STMicroelectronics.X-CUBE-AZRTOS-F4.1.1.0
2024-04-26 01:18:55,720 [WARN] PackLoader:240 - Cannot read IP mode file for STMicroelectronics.X-CUBE-AZRTOS-L5.2.0.0
2024-04-26 01:18:55,741 [WARN] PackLoader:240 - Cannot read IP mode file for STMicroelectronics.X-CUBE-NFC7.1.0.1
2024-04-26 01:18:55,783 [WARN] ConditionMgr:438 - getConditionDescription Invalid condition id : LAN8742 Phy interface Condition cause : null
2024-04-26 01:18:55,784 [WARN] PackLoader:240 - Cannot read IP mode file for STMicroelectronics.X-CUBE-AZRTOS-L4.2.0.0
2024-04-26 01:18:55,785 [WARN] ConditionMgr:1039 - genDependencies : Invalid condition id : LAN8742 Phy interface Condition cause : null
2024-04-26 01:18:55,785 [WARN] ConditionMgr:1039 - genDependencies : Invalid condition id : LAN8742 Phy interface Condition cause : null
2024-04-26 01:18:55,786 [WARN] ConditionMgr:1039 - genDependencies : Invalid condition id : LAN8742 Phy interface Condition cause : null
2024-04-26 01:18:55,807 [WARN] PackLoader:240 - Cannot read IP mode file for STMicroelectronics.X-CUBE-SFXS2LP1.4.0.0
2024-04-26 01:18:55,842 [WARN] ConditionMgr:438 - getConditionDescription Invalid condition id : UX DEVICE CLASS RTOS Condition cause : null
2024-04-26 01:18:55,843 [WARN] ConditionMgr:438 - getConditionDescription Invalid condition id : UX DEVICE CLASS RTOS Condition cause : null
2024-04-26 01:18:55,845 [WARN] PackLoader:240 - Cannot read IP mode file for STMicroelectronics.X-CUBE-AZRTOS-WB.2.0.0
2024-04-26 01:18:55,846 [WARN] ConditionMgr:1039 - genDependencies : Invalid condition id : UX DEVICE CLASS RTOS Condition cause : null
2024-04-26 01:18:55,846 [WARN] ConditionMgr:1039 - genDependencies : Invalid condition id : UX DEVICE CLASS RTOS Condition cause : null
2024-04-26 01:18:55,846 [WARN] ConditionMgr:1039 - genDependencies : Invalid condition id : UX DEVICE CLASS RTOS Condition cause : null
2024-04-26 01:18:55,847 [WARN] ConditionMgr:1039 - genDependencies : Invalid condition id : UX DEVICE CLASS RTOS Condition cause : null
2024-04-26 01:18:55,847 [WARN] ConditionMgr:1039 - genDependencies : Invalid condition id : UX DEVICE CLASS RTOS Condition cause : null
2024-04-26 01:18:55,874 [WARN] PackLoader:240 - Cannot read IP mode file for STMicroelectronics.X-CUBE-SUBG2.5.0.0
2024-04-26 01:18:55,918 [WARN] PackLoader:240 - Cannot read IP mode file for STMicroelectronics.X-CUBE-AZRTOS-G4.2.0.0
2024-04-26 01:18:55,992 [WARN] PackLoader:240 - Cannot read IP mode file for STMicroelectronics.X-CUBE-MEMS1.10.0.0
2024-04-26 01:18:56,175 [WARN] PackLoader:240 - Cannot read IP mode file for STMicroelectronics.X-CUBE-FREERTOS.1.1.0
2024-04-26 01:18:56,197 [WARN] PackLoader:240 - Cannot read IP mode file for STMicroelectronics.X-CUBE-ALS.1.0.1
2024-04-26 01:18:56,216 [WARN] PackLoader:240 - Cannot read IP mode file for STMicroelectronics.FP-ATR-ASTRA1.2.0.0
2024-04-26 01:18:56,217 [INFO] ThirdParty:978 - Integrity check success = true
2024-04-26 01:18:56,217 [INFO] IntegrityCheckThread:100 - exiting critical section [integrity check]
2024-04-26 01:18:56,218 [INFO] IntegrityCheckThread:103 - End integrity checks thread
2024-04-26 01:18:56,936 [INFO] WebApp:161 - Instantiating new browser for Auth
2024-04-26 01:18:57,774 [INFO] WebApp:780 - Register for checkConnection events
2024-04-26 01:18:57,774 [INFO] WebApp:414 - Apply proxy settings
2024-04-26 01:18:57,774 [INFO] WebApp:499 - Chromium requires no authentication
2024-04-26 01:18:57,791 [INFO] WebApp:442 - Direct internet connection detected
2024-04-26 01:18:58,037 [INFO] WebApp:192 - Starting web application
2024-04-26 01:18:58,037 [INFO] WebApp:544 - Web application path used C:\ST\STM32CubeIDE_1.14.1\STM32CubeIDE\plugins\com.st.stm32cube.common.mx_6.10.0.202311202037\db\plugins\mcufinder\reactClient1\index.html
2024-04-26 01:19:19,426 [ERROR] LogOutputStream:75 - [STDERR_REDIRECT] SLF4J: Failed to load class "org.slf4j.impl.StaticLoggerBinder".
2024-04-26 01:19:19,429 [ERROR] LogOutputStream:75 - [STDERR_REDIRECT] SLF4J: Defaulting to no-operation (NOP) logger implementation
2024-04-26 01:19:19,431 [ERROR] LogOutputStream:75 - [STDERR_REDIRECT] SLF4J: See http://www.slf4j.org/codes.html#StaticLoggerBinder for further details.
2024-04-26 01:20:49,720 [INFO] McuFinderGlobals:63 - Set McuFinder mode to 2 (CubeIDE integrated)
2024-04-26 01:20:54,520 [INFO] MainUpdater:2873 - connection check result : 10
2024-04-26 01:20:54,529 [INFO] MainUpdater:2873 - connection check result : 10
2024-04-26 01:20:54,830 [INFO] MicroXplorer:468 - Change Database Path : 
2024-04-26 01:20:54,830 [INFO] MicroXplorer:498 - Change Database Version : DB.6.0.100
2024-04-26 01:20:54,839 [WARN] ThirdParty:871 - waiting for thirdparty lock release [close project]
2024-04-26 01:20:54,839 [INFO] ThirdParty:873 - entering critical section [close project]
2024-04-26 01:20:54,842 [INFO] ThirdParty:883 - exiting critical section [close project]
2024-04-26 01:20:54,846 [INFO] PinOutPanel:1499 - setPackage(No Configuration,No Configuration)
2024-04-26 01:20:54,849 [INFO] UtilMem:75 - Begin LoadConfig() Used Memory: 552062256 Bytes (909115392)
2024-04-26 01:20:54,852 [INFO] MicroXplorer:468 - Change Database Path : 
2024-04-26 01:20:54,853 [INFO] MicroXplorer:498 - Change Database Version : DB.6.0.100
2024-04-26 01:20:54,853 [INFO] OpenFileManager:312 - Change cursor
2024-04-26 01:20:54,908 [INFO] Mcu:2016 - Initializing MCU STM32C031C(4-6)Tx STM32C031C6Tx STM32C031C6T3
2024-04-26 01:20:56,742 [INFO] Context:659 - Trying to add GPIOservice into a context  which must be forbidden
2024-04-26 01:20:57,303 [WARN] ModelIntegratedComponent:63 - No mode defined for component null
2024-04-26 01:20:57,303 [WARN] ModelIntegratedComponent:63 - No mode defined for component null
2024-04-26 01:20:57,303 [WARN] ModelIntegratedComponent:63 - No mode defined for component null
2024-04-26 01:20:57,303 [WARN] ModelIntegratedComponent:63 - No mode defined for component null
2024-04-26 01:20:57,303 [WARN] ModelIntegratedComponent:63 - No mode defined for component null
2024-04-26 01:20:57,303 [WARN] ModelIntegratedComponent:63 - No mode defined for component null
2024-04-26 01:20:57,303 [WARN] ModelIntegratedComponent:63 - No mode defined for component null
2024-04-26 01:20:57,303 [WARN] ModelIntegratedComponent:63 - No mode defined for component null
2024-04-26 01:20:57,303 [WARN] ModelIntegratedComponent:63 - No mode defined for component null
2024-04-26 01:20:57,303 [WARN] ModelIntegratedComponent:63 - No mode defined for component null
2024-04-26 01:20:57,303 [WARN] ModelIntegratedComponent:63 - No mode defined for component null
2024-04-26 01:20:57,303 [WARN] ModelIntegratedComponent:63 - No mode defined for component null
2024-04-26 01:20:57,303 [WARN] ModelIntegratedComponent:63 - No mode defined for component null
2024-04-26 01:20:57,304 [WARN] ModelIntegratedComponent:63 - No mode defined for component null
2024-04-26 01:20:57,304 [WARN] ModelIntegratedComponent:63 - No mode defined for component null
2024-04-26 01:20:57,304 [WARN] ModelIntegratedComponent:63 - No mode defined for component null
2024-04-26 01:20:57,304 [WARN] ModelIntegratedComponent:63 - No mode defined for component null
2024-04-26 01:20:57,304 [WARN] ModelIntegratedComponent:63 - No mode defined for component null
2024-04-26 01:20:57,304 [WARN] ModelIntegratedComponent:63 - No mode defined for component null
2024-04-26 01:20:57,304 [WARN] ModelIntegratedComponent:63 - No mode defined for component null
2024-04-26 01:20:57,304 [WARN] ModelIntegratedComponent:63 - No mode defined for component null
2024-04-26 01:20:57,304 [WARN] ModelIntegratedComponent:63 - No mode defined for component null
2024-04-26 01:20:57,304 [WARN] ModelIntegratedComponent:63 - No mode defined for component null
2024-04-26 01:20:57,304 [WARN] ModelIntegratedComponent:63 - No mode defined for component null
2024-04-26 01:20:57,304 [WARN] ModelIntegratedComponent:63 - No mode defined for component null
2024-04-26 01:20:57,305 [WARN] ModelIntegratedComponent:63 - No mode defined for component null
2024-04-26 01:20:57,305 [WARN] ModelIntegratedComponent:63 - No mode defined for component null
2024-04-26 01:20:57,305 [WARN] ModelIntegratedComponent:63 - No mode defined for component null
2024-04-26 01:20:57,305 [WARN] ModelIntegratedComponent:63 - No mode defined for component null
2024-04-26 01:20:57,305 [WARN] ModelIntegratedComponent:63 - No mode defined for component null
2024-04-26 01:20:57,305 [WARN] ModelIntegratedComponent:63 - No mode defined for component null
2024-04-26 01:20:57,305 [WARN] ModelIntegratedComponent:63 - No mode defined for component null
2024-04-26 01:20:57,305 [WARN] ModelIntegratedComponent:63 - No mode defined for component null
2024-04-26 01:20:57,420 [INFO] RtosManager:555 - Registered RTOS mode: class=RTOS, group=ThreadX, mode=Core, owner=THREADX
2024-04-26 01:20:57,455 [INFO] ThirdPartyModel:298 - Start build external matchings
2024-04-26 01:20:57,588 [INFO] ThirdPartyModel:316 - End build external matchings
2024-04-26 01:20:57,608 [INFO] ImportTextPane:194 - (OptionalMessage_ERROR) IP (DMA) : Parameter (Instance) has Id (ADC1) currently not set
2024-04-26 01:20:57,608 [INFO] ImportTextPane:194 - (OptionalMessage_ERROR) IP (DMA) : Parameter (Request) has Id (ADC1) currently not set
2024-04-26 01:20:57,608 [INFO] ImportTextPane:194 - (OptionalMessage_ERROR) IP (DMA) : Parameter (Direction) has Id (ADC1) currently not set
2024-04-26 01:20:57,609 [INFO] ImportTextPane:194 - (OptionalMessage_ERROR) IP (DMA) : Parameter (PeriphInc) has Id (ADC1) currently not set
2024-04-26 01:20:57,609 [INFO] ImportTextPane:194 - (OptionalMessage_ERROR) IP (DMA) : Parameter (MemInc) has Id (ADC1) currently not set
2024-04-26 01:20:57,609 [INFO] ImportTextPane:194 - (OptionalMessage_ERROR) IP (DMA) : Parameter (PeriphDataAlignment) has Id (ADC1) currently not set
2024-04-26 01:20:57,609 [INFO] ImportTextPane:194 - (OptionalMessage_ERROR) IP (DMA) : Parameter (MemDataAlignment) has Id (ADC1) currently not set
2024-04-26 01:20:57,610 [INFO] ImportTextPane:194 - (OptionalMessage_ERROR) IP (DMA) : Parameter (Mode) has Id (ADC1) currently not set
2024-04-26 01:20:57,610 [INFO] ImportTextPane:194 - (OptionalMessage_ERROR) IP (DMA) : Parameter (Priority) has Id (ADC1) currently not set
2024-04-26 01:20:57,610 [INFO] ImportTextPane:194 - (OptionalMessage_ERROR) IP (DMA) : Parameter (SignalID) has Id (ADC1) currently not set
2024-04-26 01:20:57,610 [INFO] ImportTextPane:194 - (OptionalMessage_ERROR) IP (DMA) : Parameter (Polarity) has Id (ADC1) currently not set
2024-04-26 01:20:57,610 [INFO] ImportTextPane:194 - (OptionalMessage_ERROR) IP (DMA) : Parameter (RequestNumber) has Id (ADC1) currently not set
2024-04-26 01:20:57,610 [INFO] ImportTextPane:194 - (OptionalMessage_ERROR) IP (DMA) : Parameter (SyncSignalID) has Id (ADC1) currently not set
2024-04-26 01:20:57,610 [INFO] ImportTextPane:194 - (OptionalMessage_ERROR) IP (DMA) : Parameter (SyncPolarity) has Id (ADC1) currently not set
2024-04-26 01:20:57,610 [INFO] ImportTextPane:194 - (OptionalMessage_ERROR) IP (DMA) : Parameter (SyncEnable) has Id (ADC1) currently not set
2024-04-26 01:20:57,610 [INFO] ImportTextPane:194 - (OptionalMessage_ERROR) IP (DMA) : Parameter (EventEnable) has Id (ADC1) currently not set
2024-04-26 01:20:57,610 [INFO] ImportTextPane:194 - (OptionalMessage_ERROR) IP (DMA) : Parameter (SyncRequestNumber) has Id (ADC1) currently not set
2024-04-26 01:20:57,614 [INFO] ImportTextPane:194 - (OptionalMessage_ERROR) IP (RCC) : Invalid parameter (FamilyName)
2024-04-26 01:20:57,657 [WARN] IP:2119 - FIFOMode not found: check if there is a RefParameter without a condition.
2024-04-26 01:20:57,657 [WARN] IP:2119 - TXFIFOThreshold not found: check if there is a RefParameter without a condition.
2024-04-26 01:20:57,657 [WARN] IP:2119 - RXFIFOThreshold not found: check if there is a RefParameter without a condition.
2024-04-26 01:20:57,658 [WARN] IP:2119 - AutoBaudRateEnableParam not found: check if there is a RefParameter without a condition.
2024-04-26 01:20:57,955 [INFO] UtilMem:75 - End LoadConfig() Used Memory: 612087528 Bytes (909115392)
2024-04-26 01:20:58,162 [INFO] ApiDb:581 - Connected to CubeFinder SQLite database (C:\Users\choua\.stmcufinder\plugins\mcufinder\mcu\cube-finder-db.db)
2024-04-26 01:20:58,245 [INFO] ApiDb:668 - CubeFinder database Data Model version=2.1
2024-04-26 01:20:58,245 [INFO] ApiDb:669 - CubeFinder database Configuration version=3.0.39
2024-04-26 01:20:58,245 [INFO] ApiDb:670 - CubeFinder database generation date=2024-03-25 (1711369621)
2024-04-26 01:20:58,246 [INFO] ApiDb:671 - CubeFinder database FW Pack versions=[FP-ATR-ASTRA1_V2.0.0, FP-SNS-FLIGHT1_V5.0.1, FP-SNS-FLIGHT1_V5.0.2, FP-SNS-MOTENV1_V4.3.1, FP-SNS-MOTENV1_V4.3.2, FP-SNS-MOTENVWB1_V1.3.1, FP-SNS-SMARTAG2_V1.2.0, STM32Cube_FW_C0_V1.1.0, STM32Cube_FW_F4_V1.28.0, STM32Cube_FW_F7_V1.17.0, STM32Cube_FW_G0_V1.6.2, STM32Cube_FW_G4_V1.5.2, STM32Cube_FW_H5_V0.5.1, STM32Cube_FW_H5_V1.1.1, STM32Cube_FW_H5_V1.2.0, STM32Cube_FW_H5_V1.2.0RC4, STM32Cube_FW_H7RS_V1.0.0, STM32Cube_FW_H7RS_V1.0.0RC4, STM32Cube_FW_H7_V1.11.0, STM32Cube_FW_L0_V1.12.2, STM32Cube_FW_L5_V1.5.1, STM32Cube_FW_U0_V1.0.0, STM32Cube_FW_U0_V1.0.0RC1, STM32Cube_FW_U5_V1.3.0RC4, STM32Cube_FW_U5_V1.5.0, STM32Cube_FW_U5_V1.5.0RC1, STM32Cube_FW_WBA_V1.0.0RC1, STM32Cube_FW_WBA_V1.2.0, STM32Cube_FW_WBA_V1.2.0RC2, STM32Cube_FW_WBA_V1.3.0, STM32Cube_FW_WBA_V1.3.0RC1, STM32Cube_FW_WB_V1.15.0RC1, STM32Cube_FW_WB_V1.16.0, STM32Cube_FW_WB_V1.16.0RC2, STM32Cube_FW_WB_V1.18.0, STM32Cube_FW_WB_V1.19.0, STM32Cube_FW_WL_V1.3.0, X-CUBE-ALGOBUILD_V1.3.0, X-CUBE-ALS_V1.0.1, X-CUBE-AZRTOS-F4_V1.1.0, X-CUBE-AZRTOS-F7_V1.1.0, X-CUBE-AZRTOS-G0_V1.1.0, X-CUBE-AZRTOS-G4_V2.0.0, X-CUBE-AZRTOS-H7_V3.2.0, X-CUBE-AZRTOS-L4_V1.0.0, X-CUBE-AZRTOS-L4_V2.0.0, X-CUBE-AZRTOS-L5_V1.1.0, X-CUBE-AZRTOS-WB_V2.0.0, X-CUBE-AZRTOS-WL_V2.0.0, X-CUBE-BLE1_V7.0.0, X-CUBE-BLE2_V3.3.0, X-CUBE-BLEMGR_V3.1.0, X-CUBE-EEPRMA1_V4.1.0, X-CUBE-EEPRMA1_V5.1.0, X-CUBE-FREERTOS_V1.1.0, X-CUBE-GNSS1_V6.0.0, X-CUBE-MEMS1_V10.0.0, X-CUBE-MEMS1_V9.1.0, X-CUBE-MEMS1_V9.4.0, X-CUBE-MEMS1_V9.6.0, X-CUBE-NFC4_V3.0.0, X-CUBE-NFC7_V1.0.1, X-CUBE-SFXS2LP1_V4.0.0, X-CUBE-SUBG2_V5.0.0, X-CUBE-TOF1_V3.4.0]
2024-04-26 01:21:01,907 [INFO] ApiDb:240 - Found 371 in-development CPN: [B-G473E-ZEST1S, B-WB1M-WPAN1, B-WL5M-SUBG1, NUCLEO-C031C6, NUCLEO-H503RB, NUCLEO-H563ZI, NUCLEO-U545RE-Q, NUCLEO-U5A5ZJ-Q, NUCLEO-WBA52CG, NUCLEO-WBA55CG, STEVAL-MKBOXPRO, STEVAL-PROTEUS1, STEVAL-STWINBX1, STM320518-EVAL, STM32C0116-DK, STM32C011D6Y3TR, STM32C011D6Y6TR, STM32C011F4P3, STM32C011F4P6, STM32C011F4U3, STM32C011F4U6TR, STM32C011F6P3, STM32C011F6P6, STM32C011F6U3, STM32C011F6U6TR, STM32C011J4M3, STM32C011J4M6, STM32C011J6M3, STM32C011J6M6, STM32C0316-DK, STM32C031C4T3, STM32C031C4T6, STM32C031C4U3, STM32C031C4U6, STM32C031C6T3, STM32C031C6T6, STM32C031C6U3, STM32C031C6U6, STM32C031F4P3, STM32C031F4P6, STM32C031F6P3, STM32C031F6P6, STM32C031G4U3, STM32C031G4U6, STM32C031G6U3, STM32C031G6U6, STM32C031K4T3, STM32C031K4T6, STM32C031K4U3, STM32C031K4U6, STM32C031K6T3, STM32C031K6T6, STM32C031K6U3, STM32C031K6U6, STM32G071K8TXN, STM32G071K8UXN, STM32G081GBU6N, STM32G081KBT6N, STM32G081KBUXN, STM32G0B1CCT6N, STM32G0B1KCT6, STM32G0B1NEY6TR, STM32G0B1RCT6N, STM32G0C1CCT6, STM32G0C1CCT6N, STM32G0C1CCU6N, STM32G0C1CET6N, STM32G0C1CEU6N, STM32G0C1KCT6, STM32G0C1NEY6TR, STM32G0C1RCI6N, STM32G0C1RCT6N, STM32G0C1REI6N, STM32G0C1RET6N, STM32G0C1VCI6, STM32G0C1VEI6, STM32G471CCT6, STM32G471CCU6, STM32G471CET3, STM32G471CET6, STM32G471CEU3, STM32G471CEU6, STM32G471MCT6, STM32G471MET3, STM32G471MET6, STM32G471MEY6TR, STM32G471QCT6, STM32G471QET3, STM32G471RCT6, STM32G471RET3, STM32G471RET6, STM32G471VCH6, STM32G471VCI6, STM32G471VCT6, STM32G471VEH3, STM32G471VEH6, STM32G471VEI3, STM32G471VEI6, STM32G471VET3, STM32G471VET6, STM32G474CCT6, STM32H503CBT6, STM32H503CBU6, STM32H503EBY6TR, STM32H503KBU6, STM32H503RBT6, STM32H562AGI6, STM32H562AII6, STM32H562IGK6, STM32H562IGT6, STM32H562IIK6, STM32H562IIT6, STM32H562RGT6, STM32H562RGV6, STM32H562RIT6, STM32H562RIV6, STM32H562VGT6, STM32H562VIT6, STM32H562ZGT6, STM32H562ZIT6, STM32H563AGI6, STM32H563AII3Q, STM32H563AII6, STM32H563IGK6, STM32H563IGT6, STM32H563IIK3Q, STM32H563IIK6, STM32H563IIT3Q, STM32H563IIT6, STM32H563MIY3QTR, STM32H563RGT6, STM32H563RGV6, STM32H563RIT6, STM32H563RIV6, STM32H563VGT6, STM32H563VIT3Q, STM32H563VIT6, STM32H563ZGT6, STM32H563ZIT3Q, STM32H563ZIT6, STM32H573AII3Q, STM32H573AII6, STM32H573I-DK, STM32H573IIK3Q, STM32H573IIK6, STM32H573IIT3Q, STM32H573IIT6, STM32H573MIY3QTR, STM32H573RIT6, STM32H573RIV6, STM32H573VIT3Q, STM32H573VIT6, STM32H573ZIT3Q, STM32H573ZIT6, STM32L4R5QGI6STR, STM32MP131AAE3, STM32MP131AAF3, STM32MP131AAG3, STM32MP131CAE3, STM32MP131CAF3, STM32MP131CAG3, STM32MP131DAE7, STM32MP131DAF7, STM32MP131DAG7, STM32MP131FAE7, STM32MP131FAF7, STM32MP131FAG7, STM32MP133AAE3, STM32MP133AAF3, STM32MP133AAG3, STM32MP133CAE3, STM32MP133CAF3, STM32MP133CAG3, STM32MP133DAE7, STM32MP133DAF7, STM32MP133DAG7, STM32MP133FAE7, STM32MP133FAF7, STM32MP133FAG7, STM32MP135AAE3, STM32MP135AAF3, STM32MP135AAG3, STM32MP135CAE3, STM32MP135CAF3, STM32MP135CAG3, STM32MP135DAE7, STM32MP135DAF7, STM32MP135DAG7, STM32MP135F-DK, STM32MP135FAE7, STM32MP135FAF7, STM32MP135FAF7T, STM32MP135FAF7U, STM32MP135FAG7, STM32U535CBT6, STM32U535CBT6Q, STM32U535CBU6, STM32U535CBU6Q, STM32U535CCT6, STM32U535CCT6Q, STM32U535CCU6, STM32U535CCU6Q, STM32U535CET6, STM32U535CET6Q, STM32U535CEU6, STM32U535CEU6Q, STM32U535JEY6QTR, STM32U535NCY6QTR, STM32U535NEY6QTR, STM32U535RBI6, STM32U535RBI6Q, STM32U535RBT6, STM32U535RBT6Q, STM32U535RCI6, STM32U535RCI6Q, STM32U535RCT6, STM32U535RCT6Q, STM32U535REI6, STM32U535REI6Q, STM32U535RET6, STM32U535RET6Q, STM32U535VCI6, STM32U535VCI6Q, STM32U535VCT6, STM32U535VCT6Q, STM32U535VEI6, STM32U535VEI6Q, STM32U535VET6, STM32U535VET6Q, STM32U545CET6, STM32U545CET6Q, STM32U545CEU6, STM32U545CEU6Q, STM32U545JEY6QTR, STM32U545NEY6QTR, STM32U545REI6, STM32U545REI6Q, STM32U545RET6, STM32U545RET6Q, STM32U545VEI6, STM32U545VEI6Q, STM32U545VET6, STM32U545VET6Q, STM32U595AIH6, STM32U595AIH6Q, STM32U595AJH6, STM32U595AJH6Q, STM32U595QII6, STM32U595QII6Q, STM32U595QJI6, STM32U595QJI6Q, STM32U595RIT6, STM32U595RIT6Q, STM32U595RJT6, STM32U595RJT6Q, STM32U595VIT6, STM32U595VIT6Q, STM32U595VJT6, STM32U595VJT6Q, STM32U595ZIT6, STM32U595ZIT6Q, STM32U595ZIY6QTR, STM32U595ZJT6, STM32U595ZJT6Q, STM32U595ZJY6QTR, STM32U599BJY6QTR, STM32U599NIH6Q, STM32U599NJH6Q, STM32U599VIT6Q, STM32U599VJT6, STM32U599VJT6Q, STM32U599ZIT6Q, STM32U599ZIY6QTR, STM32U599ZJT6Q, STM32U599ZJY6QTR, STM32U5A5AJH6, STM32U5A5AJH6Q, STM32U5A5QJI6, STM32U5A5QJI6Q, STM32U5A5RJT6, STM32U5A5RJT6Q, STM32U5A5VJT6, STM32U5A5VJT6Q, STM32U5A5ZJT6, STM32U5A5ZJT6Q, STM32U5A5ZJY6QTR, STM32U5A9BJY6QTR, STM32U5A9J-DK, STM32U5A9NJH6Q, STM32U5A9VJT6Q, STM32U5A9ZJT6Q, STM32U5A9ZJY6QTR, STM32U5F7VIT6, STM32U5F7VIT6Q, STM32U5F7VJT6, STM32U5F7VJT6Q, STM32U5F9BJY6QTR, STM32U5F9NJH6Q, STM32U5F9VIT6Q, STM32U5F9VJT6Q, STM32U5F9ZIJ6QTR, STM32U5F9ZIT6Q, STM32U5F9ZJJ6QTR, STM32U5F9ZJT6Q, STM32U5G7VJT6, STM32U5G7VJT6Q, STM32U5G9BJY6QTR, STM32U5G9J-DK1, STM32U5G9J-DK2, STM32U5G9NJH6Q, STM32U5G9VJT6Q, STM32U5G9ZJJ6QTR, STM32U5G9ZJT6Q, STM32WB1MMCH6, STM32WBA50KEU6, STM32WBA50KEU6TR, STM32WBA50KGU6, STM32WBA50KGU6TR, STM32WBA52CEU6, STM32WBA52CEU6TR, STM32WBA52CEU7, STM32WBA52CEU7TR, STM32WBA52CGU6, STM32WBA52CGU6TR, STM32WBA52CGU6U, STM32WBA52CGU7, STM32WBA52CGU7TR, STM32WBA52KEU6, STM32WBA52KEU6TR, STM32WBA52KGU6, STM32WBA52KGU6TR, STM32WBA54CEU6, STM32WBA54CEU6TR, STM32WBA54CEU7, STM32WBA54CEU7TR, STM32WBA54CGU6, STM32WBA54CGU6TR, STM32WBA54CGU7, STM32WBA54CGU7TR, STM32WBA54KEU6, STM32WBA54KEU6TR, STM32WBA54KEU7, STM32WBA54KEU7TR, STM32WBA54KGU6, STM32WBA54KGU6TR, STM32WBA54KGU7, STM32WBA54KGU7TR, STM32WBA55CEU6, STM32WBA55CEU6TR, STM32WBA55CEU7, STM32WBA55CEU7TR, STM32WBA55CGU6, STM32WBA55CGU6TR, STM32WBA55CGU6U, STM32WBA55CGU7, STM32WBA55CGU7TR, STM32WBA55G-DK1, STM32WBA55HEF6, STM32WBA55HEF7, STM32WBA55HGF6, STM32WBA55HGF7, STM32WBA55UEI6, STM32WBA55UEI6TR, STM32WBA55UEI7, STM32WBA55UEI7TR, STM32WBA55UGI6, STM32WBA55UGI6TR, STM32WBA55UGI7, STM32WBA55UGI7TR, STM32WL5MOCH6, STM32WL5MOCH6TR]
2024-04-26 01:21:01,913 [INFO] DbMcus:218 - Found 4069 MCUs, 4069 are supported
2024-04-26 01:21:01,914 [INFO] ApiDb:423 - Load user favorites file C:\Users\choua/.stm32cubeide/favorites.mcus.txt: 0 item(s)
2024-04-26 01:21:01,915 [INFO] ApiDb:427 - User favorites MCUs=[]
2024-04-26 01:21:01,915 [INFO] DbMcus:224 - Set 0 / 0 favorites MCUs
2024-04-26 01:21:02,512 [INFO] MicroXplorer:468 - Change Database Path : 
2024-04-26 01:21:02,513 [INFO] MicroXplorer:498 - Change Database Version : DB.6.0.100
2024-04-26 01:21:02,513 [WARN] ThirdParty:833 - waiting for thirdparty lock release [change project]
2024-04-26 01:21:02,513 [INFO] ThirdParty:835 - entering critical section [change project]
2024-04-26 01:21:02,513 [INFO] ThirdParty:1030 - CMSIS Pack Vendor :STMicroelectronics USBPD 4.1
2024-04-26 01:21:02,514 [INFO] ThirdParty:1030 - CMSIS Pack Vendor :STMicroelectronics X-CUBE-DISPLAY 3.0.0
2024-04-26 01:21:02,514 [INFO] ThirdParty:1030 - CMSIS Pack Vendor :STMicroelectronics X-CUBE-GNSS1 6.0.0
2024-04-26 01:21:02,514 [INFO] ThirdParty:1030 - CMSIS Pack Vendor :STMicroelectronics USB_HOST 2.0.0
2024-04-26 01:21:02,514 [INFO] ThirdParty:1030 - CMSIS Pack Vendor :STMicroelectronics X-CUBE-AZRTOS-F4 1.1.0
2024-04-26 01:21:02,514 [INFO] ThirdParty:1030 - CMSIS Pack Vendor :STMicroelectronics LIBJPEG 8.0.0
2024-04-26 01:21:02,514 [INFO] ThirdParty:1030 - CMSIS Pack Vendor :STMicroelectronics X-CUBE-BLE1 7.0.0
2024-04-26 01:21:02,514 [INFO] ThirdParty:1030 - CMSIS Pack Vendor :STMicroelectronics FP-ATR-SIGFOX1 3.2.0
2024-04-26 01:21:02,514 [INFO] ThirdParty:1030 - CMSIS Pack Vendor :STMicroelectronics X-CUBE-SMBUS 2.1.0
2024-04-26 01:21:02,514 [INFO] ThirdParty:1030 - CMSIS Pack Vendor :STMicroelectronics USB_DEVICE 3.0.0
2024-04-26 01:21:02,514 [INFO] ThirdParty:1030 - CMSIS Pack Vendor :STMicroelectronics HAL Drivers 0.0.0
2024-04-26 01:21:02,514 [INFO] ThirdParty:1030 - CMSIS Pack Vendor :STMicroelectronics MBEDTLS 2.16.2
2024-04-26 01:21:02,514 [INFO] ThirdParty:1030 - CMSIS Pack Vendor :STMicroelectronics X-CUBE-AZRTOS-WB 2.0.0
2024-04-26 01:21:02,514 [INFO] ThirdParty:1030 - CMSIS Pack Vendor :STMicroelectronics X-CUBE-MEMS1 10.0.0
2024-04-26 01:21:02,514 [INFO] ThirdParty:1030 - CMSIS Pack Vendor :STMicroelectronics X-CUBE-FREERTOS 1.1.0
2024-04-26 01:21:02,514 [INFO] ThirdParty:1030 - CMSIS Pack Vendor :STMicroelectronics X-CUBE-NFC7 1.0.1
2024-04-26 01:21:02,514 [INFO] ThirdParty:1030 - CMSIS Pack Vendor :STMicroelectronics MBEDTLS 2.14.1
2024-04-26 01:21:02,514 [INFO] ThirdParty:1030 - CMSIS Pack Vendor :STMicroelectronics X-CUBE-AZRTOS-F7 1.1.0
2024-04-26 01:21:02,514 [INFO] ThirdParty:1030 - CMSIS Pack Vendor :STMicroelectronics X-CUBE-AZRTOS-L5 2.0.0
2024-04-26 01:21:02,514 [INFO] ThirdParty:1030 - CMSIS Pack Vendor :STMicroelectronics X-CUBE-ALS 1.0.1
2024-04-26 01:21:02,515 [INFO] ThirdParty:1030 - CMSIS Pack Vendor :STMicroelectronics USB_DEVICE 2.0.0
2024-04-26 01:21:02,515 [INFO] ThirdParty:1030 - CMSIS Pack Vendor :STMicroelectronics ThreadX 1.0.0
2024-04-26 01:21:02,515 [INFO] ThirdParty:1030 - CMSIS Pack Vendor :STMicroelectronics FP-SNS-SMARTAG2 1.2.0
2024-04-26 01:21:02,515 [INFO] ThirdParty:1030 - CMSIS Pack Vendor :STMicroelectronics X-CUBE-AZRTOS-WL 2.0.0
2024-04-26 01:21:02,515 [INFO] ThirdParty:1030 - CMSIS Pack Vendor :STMicroelectronics X-CUBE-ALGOBUILD 1.3.0
2024-04-26 01:21:02,515 [INFO] ThirdParty:1030 - CMSIS Pack Vendor :SEGGER I-CUBE-embOS 1.3.1
2024-04-26 01:21:02,515 [INFO] ThirdParty:1030 - CMSIS Pack Vendor :STMicroelectronics FreeRTOS 0.0.1
2024-04-26 01:21:02,515 [INFO] ThirdParty:1030 - CMSIS Pack Vendor :STMicroelectronics X-CUBE-AZRTOS-G0 1.1.0
2024-04-26 01:21:02,515 [INFO] ThirdParty:1030 - CMSIS Pack Vendor :STMicroelectronics USB_DEVICE 1.0.0
2024-04-26 01:21:02,515 [INFO] ThirdParty:1030 - CMSIS Pack Vendor :STMicroelectronics X-CUBE-NFC4 3.0.0
2024-04-26 01:21:02,515 [INFO] ThirdParty:1030 - CMSIS Pack Vendor :STMicroelectronics X-CUBE-SUBG2 5.0.0
2024-04-26 01:21:02,515 [INFO] ThirdParty:1030 - CMSIS Pack Vendor :STMicroelectronics STM32_WPAN 1.0.0
2024-04-26 01:21:02,515 [INFO] ThirdParty:1030 - CMSIS Pack Vendor :STMicroelectronics X-CUBE-AZRTOS-L4 2.0.0
2024-04-26 01:21:02,515 [INFO] ThirdParty:1030 - CMSIS Pack Vendor :STMicroelectronics ThreadX 0.0.2
2024-04-26 01:21:02,515 [INFO] ThirdParty:1030 - CMSIS Pack Vendor :STMicroelectronics FP-ATR-ASTRA1 2.0.0
2024-04-26 01:21:02,516 [INFO] ThirdParty:1030 - CMSIS Pack Vendor :STMicroelectronics lwIP 2.0.3
2024-04-26 01:21:02,516 [INFO] ThirdParty:1030 - CMSIS Pack Vendor :STMicroelectronics lwIP 2.1.2
2024-04-26 01:21:02,516 [INFO] ThirdParty:1030 - CMSIS Pack Vendor :STMicroelectronics X-CUBE-SFXS2LP1 4.0.0
2024-04-26 01:21:02,516 [INFO] ThirdParty:1030 - CMSIS Pack Vendor :STMicroelectronics FP-SNS-FLIGHT1 5.0.2
2024-04-26 01:21:02,516 [INFO] ThirdParty:1030 - CMSIS Pack Vendor :STMicroelectronics X-CUBE-BLE2 3.3.0
2024-04-26 01:21:02,516 [INFO] ThirdParty:1030 - CMSIS Pack Vendor :STMicroelectronics USB_HOST 1.0.0
2024-04-26 01:21:02,516 [INFO] ThirdParty:1030 - CMSIS Pack Vendor :STMicroelectronics X-CUBE-AZRTOS-G4 2.0.0
2024-04-26 01:21:02,516 [INFO] ThirdParty:1030 - CMSIS Pack Vendor :STMicroelectronics PDM2PCM 3.1.0
2024-04-26 01:21:02,516 [INFO] ThirdParty:1030 - CMSIS Pack Vendor :STMicroelectronics PDM2PCM 3.2.0
2024-04-26 01:21:02,516 [INFO] ThirdParty:1030 - CMSIS Pack Vendor :STMicroelectronics PDM2PCM 3.3.0
2024-04-26 01:21:02,516 [INFO] ThirdParty:841 - exiting critical section [change project]
2024-04-26 01:21:02,849 [INFO] PinOutPanel:1499 - setPackage(No Configuration,No Configuration)
2024-04-26 01:21:02,851 [INFO] PinOutPanel:1499 - setPackage(STM32C031C6Tx,LQFP48)
2024-04-26 01:21:03,341 [INFO] UtilMem:75 - Before build in PCC Used Memory: 658637032 Bytes (909115392)
2024-04-26 01:21:04,744 [INFO] UtilMem:75 - After build in PCC Used Memory: 553367552 Bytes (909115392)
2024-04-26 01:21:04,775 [INFO] IPUIPlugin:80 - create IPUIPlugin
2024-04-26 01:21:04,775 [INFO] IPUIPlugin:80 - create IPUIPlugin
2024-04-26 01:21:04,776 [INFO] IPUIPlugin:80 - create IPUIPlugin
2024-04-26 01:21:04,776 [INFO] IPUIPlugin:80 - create IPUIPlugin
2024-04-26 01:21:04,776 [INFO] IPUIPlugin:80 - create IPUIPlugin
2024-04-26 01:21:04,776 [INFO] IPUIPlugin:80 - create IPUIPlugin
2024-04-26 01:21:04,776 [INFO] IPUIPlugin:80 - create IPUIPlugin
2024-04-26 01:21:04,776 [INFO] IPUIPlugin:80 - create IPUIPlugin
2024-04-26 01:21:04,777 [INFO] IPUIPlugin:80 - create IPUIPlugin
2024-04-26 01:21:04,777 [INFO] IPUIPlugin:80 - create IPUIPlugin
2024-04-26 01:21:04,777 [INFO] IPUIPlugin:80 - create IPUIPlugin
2024-04-26 01:21:04,777 [INFO] IPUIPlugin:80 - create IPUIPlugin
2024-04-26 01:21:04,777 [INFO] IPUIPlugin:80 - create IPUIPlugin
2024-04-26 01:21:04,778 [INFO] IPUIPlugin:80 - create IPUIPlugin
2024-04-26 01:21:04,778 [INFO] IPUIPlugin:80 - create IPUIPlugin
2024-04-26 01:21:04,778 [INFO] IPUIPlugin:80 - create IPUIPlugin
2024-04-26 01:21:04,779 [INFO] IPUIPlugin:80 - create IPUIPlugin
2024-04-26 01:21:04,779 [INFO] IPUIPlugin:80 - create IPUIPlugin
2024-04-26 01:21:04,779 [INFO] IPUIPlugin:80 - create IPUIPlugin
2024-04-26 01:21:04,780 [INFO] IPUIPlugin:80 - create IPUIPlugin
2024-04-26 01:21:04,780 [INFO] IPUIPlugin:80 - create IPUIPlugin
2024-04-26 01:21:04,780 [INFO] IPUIPlugin:80 - create IPUIPlugin
2024-04-26 01:21:04,780 [INFO] IPUIPlugin:80 - create IPUIPlugin
2024-04-26 01:21:04,781 [INFO] IPUIPlugin:80 - create IPUIPlugin
2024-04-26 01:21:04,781 [INFO] IPUIPlugin:80 - create IPUIPlugin
2024-04-26 01:21:04,782 [INFO] IPUIPlugin:80 - create IPUIPlugin
2024-04-26 01:21:04,829 [WARN] IP:2119 - FIFOMode not found: check if there is a RefParameter without a condition.
2024-04-26 01:21:04,829 [WARN] IP:2119 - TXFIFOThreshold not found: check if there is a RefParameter without a condition.
2024-04-26 01:21:04,829 [WARN] IP:2119 - RXFIFOThreshold not found: check if there is a RefParameter without a condition.
2024-04-26 01:21:04,829 [WARN] IP:2119 - AutoBaudRateEnableParam not found: check if there is a RefParameter without a condition.
2024-04-26 01:21:05,112 [INFO] CADModel:165 - CPN selected for project levelSTM32C031C6T3
2024-04-26 01:21:05,112 [INFO] CADModel:114 - Register for checkConnection events
2024-04-26 01:21:05,192 [INFO] OpenFileManager:343 - Restore cursor
2024-04-26 01:21:05,367 [WARN] IP:2119 - FIFOMode not found: check if there is a RefParameter without a condition.
2024-04-26 01:21:05,367 [WARN] IP:2119 - TXFIFOThreshold not found: check if there is a RefParameter without a condition.
2024-04-26 01:21:05,367 [WARN] IP:2119 - RXFIFOThreshold not found: check if there is a RefParameter without a condition.
2024-04-26 01:21:05,367 [WARN] IP:2119 - AutoBaudRateEnableParam not found: check if there is a RefParameter without a condition.
2024-04-26 01:21:05,370 [WARN] IP:2119 - FIFOMode not found: check if there is a RefParameter without a condition.
2024-04-26 01:21:05,370 [WARN] IP:2119 - TXFIFOThreshold not found: check if there is a RefParameter without a condition.
2024-04-26 01:21:05,370 [WARN] IP:2119 - RXFIFOThreshold not found: check if there is a RefParameter without a condition.
2024-04-26 01:21:05,370 [WARN] IP:2119 - AutoBaudRateEnableParam not found: check if there is a RefParameter without a condition.
2024-04-26 01:48:47,371 [INFO] NvicIntPanel:101 - NVIC parent = com.st.microxplorer.plugins.ip.nvic.MultiNvicIntPanel[,0,0,0x0,invalid,layout=javax.swing.BoxLayout,alignmentX=0.0,alignmentY=0.0,border=,flags=9,maximumSize=,minimumSize=,preferredSize=]
2024-04-26 01:51:05,306 [INFO] NvicIntPanel:101 - NVIC parent = com.st.microxplorer.plugins.ip.nvic.MultiNvicIntPanel[,0,0,0x0,invalid,layout=javax.swing.BoxLayout,alignmentX=0.0,alignmentY=0.0,border=,flags=9,maximumSize=,minimumSize=,preferredSize=]
2024-04-26 01:51:13,678 [INFO] UtilMem:75 - End SaveConfig() Used Memory: 771703328 Bytes (1073741824)
2024-04-26 01:51:16,510 [INFO] UtilMem:75 - End SaveConfig() Used Memory: 792674848 Bytes (1073741824)
2024-04-26 01:51:20,701 [INFO] UtilMem:75 - End SaveConfig() Used Memory: 829375008 Bytes (1073741824)
2024-04-26 01:51:21,377 [INFO] BlockDiagram:2759 - set Specific Code input for plugin: NVIC
2024-04-26 01:51:21,377 [INFO] BlockDiagram:2759 - set Specific Code input for plugin: USART
2024-04-26 01:51:21,377 [INFO] BlockDiagram:2759 - set Specific Code input for plugin: DMA
2024-04-26 01:51:21,377 [INFO] BlockDiagram:2759 - set Specific Code input for plugin: TIM1_8C0
2024-04-26 01:51:21,378 [INFO] BlockDiagram:2759 - set Specific Code input for plugin: TIM1_8C0
2024-04-26 01:51:21,378 [INFO] BlockDiagram:2759 - set Specific Code input for plugin: SYS
2024-04-26 01:51:21,378 [INFO] BlockDiagram:2759 - set Specific Code input for plugin: DEBUG
2024-04-26 01:51:21,378 [INFO] BlockDiagram:2759 - set Specific Code input for plugin: GPIO
2024-04-26 01:51:21,379 [INFO] BlockDiagram:2759 - set Specific Code input for plugin: ADC
2024-04-26 01:51:21,379 [INFO] BlockDiagram:2759 - set Specific Code input for plugin: RCC
2024-04-26 01:51:21,379 [INFO] BlockDiagram:2759 - set Specific Code input for plugin: I2C
2024-04-26 01:51:21,381 [INFO] CodeGenerator:807 - code generatio: config db path: C:\ST\STM32CubeIDE_1.14.1\STM32CubeIDE\plugins\com.st.stm32cube.common.mx_6.10.0.202311202037\\db\
2024-04-26 01:51:21,468 [WARN] IP:2119 - FIFOMode not found: check if there is a RefParameter without a condition.
2024-04-26 01:51:21,468 [WARN] IP:2119 - TXFIFOThreshold not found: check if there is a RefParameter without a condition.
2024-04-26 01:51:21,468 [WARN] IP:2119 - RXFIFOThreshold not found: check if there is a RefParameter without a condition.
2024-04-26 01:51:21,468 [WARN] IP:2119 - AutoBaudRateEnableParam not found: check if there is a RefParameter without a condition.
2024-04-26 01:51:21,938 [INFO] CodeEngine:255 - oldGeneratedFile, C:\Users\choua\STM32CubeIDE\MakeCutter_ST\saad_course\MXTmpFiles\license.tmp_save
2024-04-26 01:51:22,533 [INFO] CodeEngine:279 - Generated code: C:\Users\choua\STM32CubeIDE\MakeCutter_ST\saad_course\MXTmpFiles\license.tmp
2024-04-26 01:51:22,806 [INFO] CodeEngine:255 - oldGeneratedFile, C:\Users\choua\STM32CubeIDE\MakeCutter_ST\saad_course\MXTmpFiles\gpio.tmp_save
2024-04-26 01:51:23,029 [INFO] CodeEngine:279 - Generated code: C:\Users\choua\STM32CubeIDE\MakeCutter_ST\saad_course\MXTmpFiles\gpio.tmp
2024-04-26 01:51:23,269 [WARN] IPConfigManager:99 - WARNING: Missing Config File for DEBUG ip!!
2024-04-26 01:51:24,172 [INFO] CodeEngine:255 - oldGeneratedFile, C:\Users\choua\STM32CubeIDE\MakeCutter_ST\saad_course\MXTmpFiles\cortex.tmp_save
2024-04-26 01:51:24,345 [INFO] CodeEngine:279 - Generated code: C:\Users\choua\STM32CubeIDE\MakeCutter_ST\saad_course\MXTmpFiles\cortex.tmp
2024-04-26 01:51:24,430 [INFO] CodeEngine:255 - oldGeneratedFile, C:\Users\choua\STM32CubeIDE\MakeCutter_ST\saad_course\MXTmpFiles\dma.tmp_save
2024-04-26 01:51:24,633 [INFO] CodeEngine:279 - Generated code: C:\Users\choua\STM32CubeIDE\MakeCutter_ST\saad_course\MXTmpFiles\dma.tmp
2024-04-26 01:51:24,652 [INFO] CodeEngine:255 - oldGeneratedFile, C:\Users\choua\STM32CubeIDE\MakeCutter_ST\saad_course\MXTmpFiles\dma_GV.tmp_save
2024-04-26 01:51:24,759 [INFO] CodeEngine:279 - Generated code: C:\Users\choua\STM32CubeIDE\MakeCutter_ST\saad_course\MXTmpFiles\dma_GV.tmp
2024-04-26 01:51:24,807 [INFO] CodeEngine:255 - oldGeneratedFile, C:\Users\choua\STM32CubeIDE\MakeCutter_ST\saad_course\Core\Src\stm32c0xx_it.c_save
2024-04-26 01:51:24,968 [INFO] CodeEngine:279 - Generated code: C:\Users\choua\STM32CubeIDE\MakeCutter_ST\saad_course\Core\Src\stm32c0xx_it.c
2024-04-26 01:51:25,006 [INFO] CodeEngine:255 - oldGeneratedFile, C:\Users\choua\STM32CubeIDE\MakeCutter_ST\saad_course\Core\Inc\stm32c0xx_it.h_save
2024-04-26 01:51:25,127 [INFO] CodeEngine:279 - Generated code: C:\Users\choua\STM32CubeIDE\MakeCutter_ST\saad_course\Core\Inc\stm32c0xx_it.h
2024-04-26 01:51:25,258 [INFO] CodeEngine:255 - oldGeneratedFile, C:\Users\choua\STM32CubeIDE\MakeCutter_ST\saad_course\Core\Src\stm32c0xx_hal_msp.c_save
2024-04-26 01:51:25,458 [INFO] CodeEngine:279 - Generated code: C:\Users\choua\STM32CubeIDE\MakeCutter_ST\saad_course\Core\Src\stm32c0xx_hal_msp.c
2024-04-26 01:51:25,481 [INFO] CodeEngine:255 - oldGeneratedFile, C:\Users\choua\STM32CubeIDE\MakeCutter_ST\saad_course\MXTmpFiles\system.tmp_save
2024-04-26 01:51:25,571 [INFO] CodeEngine:279 - Generated code: C:\Users\choua\STM32CubeIDE\MakeCutter_ST\saad_course\MXTmpFiles\system.tmp
2024-04-26 01:51:25,615 [INFO] CodeEngine:311 - oldGeneratedFile, C:\Users\choua\STM32CubeIDE\MakeCutter_ST\saad_course\Core\Inc\stm32c0xx_hal_conf.h_save
2024-04-26 01:51:25,809 [INFO] CodeEngine:335 - Generated code: C:\Users\choua\STM32CubeIDE\MakeCutter_ST\saad_course\Core\Inc\stm32c0xx_hal_conf.h
2024-04-26 01:51:25,838 [WARN] IPConfigManager:2946 - Warning: the RefConfig RCC_ConfigVoltageScaling is not available in your config.xml file
2024-04-26 01:51:25,842 [WARN] IPConfigManager:2946 - Warning: the RefConfig RCC_PClockConfig is not available in your config.xml file
2024-04-26 01:51:25,842 [WARN] IPConfigManager:2946 - Warning: the RefConfig RCC_interrupt_Time_SYSTICK_Config is not available in your config.xml file
2024-04-26 01:51:25,851 [WARN] IPConfigManager:3440 - IP not found : TIM
2024-04-26 01:51:25,859 [WARN] CodeGenerator:3939 - IP not found : null
2024-04-26 01:51:25,912 [INFO] CodeEngine:255 - oldGeneratedFile, C:\Users\choua\STM32CubeIDE\MakeCutter_ST\saad_course\Core\Inc\main.h_save
2024-04-26 01:51:26,136 [INFO] CodeEngine:279 - Generated code: C:\Users\choua\STM32CubeIDE\MakeCutter_ST\saad_course\Core\Inc\main.h
2024-04-26 01:51:26,196 [INFO] CodeEngine:255 - oldGeneratedFile, C:\Users\choua\STM32CubeIDE\MakeCutter_ST\saad_course\Core\Src\main.c_save
2024-04-26 01:51:26,516 [INFO] CodeEngine:279 - Generated code: C:\Users\choua\STM32CubeIDE\MakeCutter_ST\saad_course\Core\Src\main.c
2024-04-26 01:51:27,383 [INFO] ProjectBuilder:3076 - Time for Copy HAL[1] : 286mS.
2024-04-26 01:51:27,392 [INFO] ProjectBuilder:4485 - Project Generator version: 4.2.0-B44
2024-04-26 01:51:27,738 [INFO] ConfigFileManager:1495 - The Die is : DIE453
2024-04-26 01:51:27,773 [INFO] ApiDbMcu:508 - Load IP Config File for FileX
2024-04-26 01:51:27,794 [INFO] ApiDbMcu:508 - Load IP Config File for ThreadX
2024-04-26 01:51:29,312 [INFO] LogOutputStream:77 - [STDOUT_REDIRECT] 
2024-04-26 01:51:31,499 [INFO] ProjectBuilder:4747 - Time for Generating toolchain IDE Files: 4107mS.
2024-04-26 01:51:31,500 [INFO] ProjectBuilder:2947 - Time for Copy CMSIS : 0mS.
2024-04-26 01:51:31,502 [INFO] ProjectBuilder:2947 - Time for Copy CMSIS : 0mS.
2024-04-26 01:52:36,293 [INFO] NvicIntPanel:101 - NVIC parent = com.st.microxplorer.plugins.ip.nvic.MultiNvicIntPanel[,0,0,0x0,invalid,layout=javax.swing.BoxLayout,alignmentX=0.0,alignmentY=0.0,border=,flags=9,maximumSize=,minimumSize=,preferredSize=]
2024-04-26 01:52:40,289 [INFO] UtilMem:75 - End SaveConfig() Used Memory: 713339600 Bytes (1073741824)
2024-04-26 01:52:40,394 [INFO] UtilMem:75 - End SaveConfig() Used Memory: 724081944 Bytes (1073741824)
2024-04-26 01:52:41,097 [INFO] UtilMem:75 - End SaveConfig() Used Memory: 750464976 Bytes (1073741824)
2024-04-26 01:52:41,599 [INFO] BlockDiagram:2759 - set Specific Code input for plugin: NVIC
2024-04-26 01:52:41,599 [INFO] BlockDiagram:2759 - set Specific Code input for plugin: USART
2024-04-26 01:52:41,599 [INFO] BlockDiagram:2759 - set Specific Code input for plugin: DMA
2024-04-26 01:52:41,599 [INFO] BlockDiagram:2759 - set Specific Code input for plugin: TIM1_8C0
2024-04-26 01:52:41,599 [INFO] BlockDiagram:2759 - set Specific Code input for plugin: TIM1_8C0
2024-04-26 01:52:41,599 [INFO] BlockDiagram:2759 - set Specific Code input for plugin: SYS
2024-04-26 01:52:41,599 [INFO] BlockDiagram:2759 - set Specific Code input for plugin: DEBUG
2024-04-26 01:52:41,600 [INFO] BlockDiagram:2759 - set Specific Code input for plugin: GPIO
2024-04-26 01:52:41,600 [INFO] BlockDiagram:2759 - set Specific Code input for plugin: ADC
2024-04-26 01:52:41,600 [INFO] BlockDiagram:2759 - set Specific Code input for plugin: RCC
2024-04-26 01:52:41,600 [INFO] BlockDiagram:2759 - set Specific Code input for plugin: I2C
2024-04-26 01:52:41,602 [INFO] CodeGenerator:807 - code generatio: config db path: C:\ST\STM32CubeIDE_1.14.1\STM32CubeIDE\plugins\com.st.stm32cube.common.mx_6.10.0.202311202037\\db\
2024-04-26 01:52:41,617 [INFO] Argument:325 - Argument : hdmavalue: null
2024-04-26 01:52:41,617 [INFO] Argument:327 - 	 sub Args: 
2024-04-26 01:52:41,617 [INFO] Argument:325 - Argument : Instancevalue: DMA1_Channel1
2024-04-26 01:52:41,617 [INFO] Argument:335 - Argument : Instancevalue: DMA1_Channel1
2024-04-26 01:52:41,617 [INFO] Argument:325 - Argument : Initvalue: null
2024-04-26 01:52:41,618 [INFO] Argument:327 - 	 sub Args: 
2024-04-26 01:52:41,618 [INFO] Argument:325 - Argument : Requestvalue: DMA_REQUEST_ADC1
2024-04-26 01:52:41,618 [INFO] Argument:335 - Argument : Requestvalue: DMA_REQUEST_ADC1
2024-04-26 01:52:41,618 [INFO] Argument:325 - Argument : Directionvalue: DMA_PERIPH_TO_MEMORY
2024-04-26 01:52:41,618 [INFO] Argument:335 - Argument : Directionvalue: DMA_PERIPH_TO_MEMORY
2024-04-26 01:52:41,618 [INFO] Argument:325 - Argument : PeriphIncvalue: DMA_PINC_DISABLE
2024-04-26 01:52:41,618 [INFO] Argument:335 - Argument : PeriphIncvalue: DMA_PINC_DISABLE
2024-04-26 01:52:41,618 [INFO] Argument:325 - Argument : MemIncvalue: DMA_MINC_ENABLE
2024-04-26 01:52:41,618 [INFO] Argument:335 - Argument : MemIncvalue: DMA_MINC_ENABLE
2024-04-26 01:52:41,619 [INFO] Argument:325 - Argument : PeriphDataAlignmentvalue: DMA_PDATAALIGN_HALFWORD
2024-04-26 01:52:41,619 [INFO] Argument:335 - Argument : PeriphDataAlignmentvalue: DMA_PDATAALIGN_HALFWORD
2024-04-26 01:52:41,619 [INFO] Argument:325 - Argument : MemDataAlignmentvalue: DMA_MDATAALIGN_HALFWORD
2024-04-26 01:52:41,620 [INFO] Argument:335 - Argument : MemDataAlignmentvalue: DMA_MDATAALIGN_HALFWORD
2024-04-26 01:52:41,620 [INFO] Argument:325 - Argument : Modevalue: DMA_CIRCULAR
2024-04-26 01:52:41,620 [INFO] Argument:335 - Argument : Modevalue: DMA_CIRCULAR
2024-04-26 01:52:41,620 [INFO] Argument:325 - Argument : Priorityvalue: DMA_PRIORITY_LOW
2024-04-26 01:52:41,620 [INFO] Argument:335 - Argument : Priorityvalue: DMA_PRIORITY_LOW
2024-04-26 01:52:41,621 [INFO] Argument:325 - Argument : Lockvalue: null
2024-04-26 01:52:41,621 [INFO] Argument:335 - Argument : Lockvalue: null
2024-04-26 01:52:41,621 [INFO] Argument:325 - Argument : Statevalue: null
2024-04-26 01:52:41,621 [INFO] Argument:335 - Argument : Statevalue: null
2024-04-26 01:52:41,621 [INFO] Argument:325 - Argument : Parentvalue: null
2024-04-26 01:52:41,621 [INFO] Argument:335 - Argument : Parentvalue: null
2024-04-26 01:52:41,621 [INFO] Argument:325 - Argument : XferCpltCallbackvalue: null
2024-04-26 01:52:41,621 [INFO] Argument:335 - Argument : XferCpltCallbackvalue: null
2024-04-26 01:52:41,621 [INFO] Argument:325 - Argument : XferHalfCpltCallbackvalue: null
2024-04-26 01:52:41,621 [INFO] Argument:335 - Argument : XferHalfCpltCallbackvalue: null
2024-04-26 01:52:41,621 [INFO] Argument:325 - Argument : XferErrorCallbackvalue: null
2024-04-26 01:52:41,621 [INFO] Argument:335 - Argument : XferErrorCallbackvalue: null
2024-04-26 01:52:41,621 [INFO] Argument:325 - Argument : XferAbortCallbackvalue: null
2024-04-26 01:52:41,621 [INFO] Argument:335 - Argument : XferAbortCallbackvalue: null
2024-04-26 01:52:41,621 [INFO] Argument:325 - Argument : ErrorCodevalue: null
2024-04-26 01:52:41,621 [INFO] Argument:335 - Argument : ErrorCodevalue: null
2024-04-26 01:52:41,621 [INFO] Argument:325 - Argument : ChannelIndexvalue: null
2024-04-26 01:52:41,622 [INFO] Argument:335 - Argument : ChannelIndexvalue: null
2024-04-26 01:52:41,622 [INFO] Argument:325 - Argument : DMAmuxChannelvalue: null
2024-04-26 01:52:41,622 [INFO] Argument:335 - Argument : DMAmuxChannelvalue: null
2024-04-26 01:52:41,622 [INFO] Argument:325 - Argument : DMAmuxChannelStatusvalue: null
2024-04-26 01:52:41,622 [INFO] Argument:335 - Argument : DMAmuxChannelStatusvalue: null
2024-04-26 01:52:41,622 [INFO] Argument:325 - Argument : DMAmuxChannelStatusMaskvalue: null
2024-04-26 01:52:41,622 [INFO] Argument:335 - Argument : DMAmuxChannelStatusMaskvalue: null
2024-04-26 01:52:41,622 [INFO] Argument:325 - Argument : DMAmuxRequestGenvalue: null
2024-04-26 01:52:41,622 [INFO] Argument:335 - Argument : DMAmuxRequestGenvalue: null
2024-04-26 01:52:41,622 [INFO] Argument:325 - Argument : DMAmuxRequestGenStatusvalue: null
2024-04-26 01:52:41,622 [INFO] Argument:335 - Argument : DMAmuxRequestGenStatusvalue: null
2024-04-26 01:52:41,622 [INFO] Argument:325 - Argument : DMAmuxRequestGenStatusMaskvalue: null
2024-04-26 01:52:41,622 [INFO] Argument:335 - Argument : DMAmuxRequestGenStatusMaskvalue: null
2024-04-26 01:52:41,661 [WARN] IP:2119 - FIFOMode not found: check if there is a RefParameter without a condition.
2024-04-26 01:52:41,661 [WARN] IP:2119 - TXFIFOThreshold not found: check if there is a RefParameter without a condition.
2024-04-26 01:52:41,661 [WARN] IP:2119 - RXFIFOThreshold not found: check if there is a RefParameter without a condition.
2024-04-26 01:52:41,661 [WARN] IP:2119 - AutoBaudRateEnableParam not found: check if there is a RefParameter without a condition.
2024-04-26 01:52:41,872 [INFO] CodeEngine:255 - oldGeneratedFile, C:\Users\choua\STM32CubeIDE\MakeCutter_ST\saad_course\MXTmpFiles\license.tmp_save
2024-04-26 01:52:42,031 [INFO] CodeEngine:279 - Generated code: C:\Users\choua\STM32CubeIDE\MakeCutter_ST\saad_course\MXTmpFiles\license.tmp
2024-04-26 01:52:42,092 [INFO] CodeEngine:255 - oldGeneratedFile, C:\Users\choua\STM32CubeIDE\MakeCutter_ST\saad_course\MXTmpFiles\gpio.tmp_save
2024-04-26 01:52:42,233 [INFO] CodeEngine:279 - Generated code: C:\Users\choua\STM32CubeIDE\MakeCutter_ST\saad_course\MXTmpFiles\gpio.tmp
2024-04-26 01:52:42,442 [WARN] IPConfigManager:99 - WARNING: Missing Config File for DEBUG ip!!
2024-04-26 01:52:43,102 [INFO] CodeEngine:255 - oldGeneratedFile, C:\Users\choua\STM32CubeIDE\MakeCutter_ST\saad_course\MXTmpFiles\cortex.tmp_save
2024-04-26 01:52:43,265 [INFO] CodeEngine:279 - Generated code: C:\Users\choua\STM32CubeIDE\MakeCutter_ST\saad_course\MXTmpFiles\cortex.tmp
2024-04-26 01:52:43,325 [INFO] CodeEngine:255 - oldGeneratedFile, C:\Users\choua\STM32CubeIDE\MakeCutter_ST\saad_course\MXTmpFiles\dma.tmp_save
2024-04-26 01:52:43,452 [INFO] CodeEngine:279 - Generated code: C:\Users\choua\STM32CubeIDE\MakeCutter_ST\saad_course\MXTmpFiles\dma.tmp
2024-04-26 01:52:43,456 [INFO] CodeEngine:255 - oldGeneratedFile, C:\Users\choua\STM32CubeIDE\MakeCutter_ST\saad_course\MXTmpFiles\dma_GV.tmp_save
2024-04-26 01:52:43,504 [INFO] CodeEngine:279 - Generated code: C:\Users\choua\STM32CubeIDE\MakeCutter_ST\saad_course\MXTmpFiles\dma_GV.tmp
2024-04-26 01:52:43,537 [INFO] CodeEngine:255 - oldGeneratedFile, C:\Users\choua\STM32CubeIDE\MakeCutter_ST\saad_course\Core\Src\stm32c0xx_it.c_save
2024-04-26 01:52:43,761 [INFO] CodeEngine:279 - Generated code: C:\Users\choua\STM32CubeIDE\MakeCutter_ST\saad_course\Core\Src\stm32c0xx_it.c
2024-04-26 01:52:43,770 [INFO] CodeEngine:255 - oldGeneratedFile, C:\Users\choua\STM32CubeIDE\MakeCutter_ST\saad_course\Core\Inc\stm32c0xx_it.h_save
2024-04-26 01:52:43,853 [INFO] CodeEngine:279 - Generated code: C:\Users\choua\STM32CubeIDE\MakeCutter_ST\saad_course\Core\Inc\stm32c0xx_it.h
2024-04-26 01:52:43,957 [INFO] CodeEngine:255 - oldGeneratedFile, C:\Users\choua\STM32CubeIDE\MakeCutter_ST\saad_course\Core\Src\stm32c0xx_hal_msp.c_save
2024-04-26 01:52:44,259 [INFO] CodeEngine:279 - Generated code: C:\Users\choua\STM32CubeIDE\MakeCutter_ST\saad_course\Core\Src\stm32c0xx_hal_msp.c
2024-04-26 01:52:44,265 [INFO] CodeEngine:255 - oldGeneratedFile, C:\Users\choua\STM32CubeIDE\MakeCutter_ST\saad_course\MXTmpFiles\system.tmp_save
2024-04-26 01:52:44,349 [INFO] CodeEngine:279 - Generated code: C:\Users\choua\STM32CubeIDE\MakeCutter_ST\saad_course\MXTmpFiles\system.tmp
2024-04-26 01:52:44,379 [INFO] CodeEngine:311 - oldGeneratedFile, C:\Users\choua\STM32CubeIDE\MakeCutter_ST\saad_course\Core\Inc\stm32c0xx_hal_conf.h_save
2024-04-26 01:52:44,590 [INFO] CodeEngine:335 - Generated code: C:\Users\choua\STM32CubeIDE\MakeCutter_ST\saad_course\Core\Inc\stm32c0xx_hal_conf.h
2024-04-26 01:52:44,619 [WARN] IPConfigManager:2946 - Warning: the RefConfig RCC_ConfigVoltageScaling is not available in your config.xml file
2024-04-26 01:52:44,621 [WARN] IPConfigManager:2946 - Warning: the RefConfig RCC_PClockConfig is not available in your config.xml file
2024-04-26 01:52:44,621 [WARN] IPConfigManager:2946 - Warning: the RefConfig RCC_interrupt_Time_SYSTICK_Config is not available in your config.xml file
2024-04-26 01:52:44,628 [WARN] IPConfigManager:3440 - IP not found : TIM
2024-04-26 01:52:44,629 [WARN] CodeGenerator:3939 - IP not found : null
2024-04-26 01:52:44,698 [INFO] CodeEngine:255 - oldGeneratedFile, C:\Users\choua\STM32CubeIDE\MakeCutter_ST\saad_course\Core\Inc\main.h_save
2024-04-26 01:52:44,847 [INFO] CodeEngine:279 - Generated code: C:\Users\choua\STM32CubeIDE\MakeCutter_ST\saad_course\Core\Inc\main.h
2024-04-26 01:52:44,871 [INFO] CodeEngine:255 - oldGeneratedFile, C:\Users\choua\STM32CubeIDE\MakeCutter_ST\saad_course\Core\Src\main.c_save
2024-04-26 01:52:45,096 [INFO] CodeEngine:279 - Generated code: C:\Users\choua\STM32CubeIDE\MakeCutter_ST\saad_course\Core\Src\main.c
2024-04-26 01:52:45,886 [INFO] ProjectBuilder:3076 - Time for Copy HAL[1] : 204mS.
2024-04-26 01:52:45,889 [INFO] ProjectBuilder:4485 - Project Generator version: 4.2.0-B44
2024-04-26 01:52:46,191 [INFO] ConfigFileManager:1495 - The Die is : DIE453
2024-04-26 01:52:48,055 [INFO] ProjectBuilder:4747 - Time for Generating toolchain IDE Files: 2166mS.
2024-04-26 01:52:48,057 [INFO] ProjectBuilder:2947 - Time for Copy CMSIS : 0mS.
2024-04-26 01:52:48,062 [INFO] ProjectBuilder:2947 - Time for Copy CMSIS : 0mS.
2024-04-26 01:59:06,179 [INFO] NvicIntPanel:101 - NVIC parent = com.st.microxplorer.plugins.ip.nvic.MultiNvicIntPanel[,0,0,0x0,invalid,layout=javax.swing.BoxLayout,alignmentX=0.0,alignmentY=0.0,border=,flags=9,maximumSize=,minimumSize=,preferredSize=]
2024-04-26 01:59:06,489 [INFO] NvicIntPanel:101 - NVIC parent = com.st.microxplorer.plugins.ip.nvic.MultiNvicIntPanel[,0,0,0x0,invalid,layout=javax.swing.BoxLayout,alignmentX=0.0,alignmentY=0.0,border=,flags=9,maximumSize=,minimumSize=,preferredSize=]
2024-04-26 02:01:17,106 [INFO] NvicIntPanel:101 - NVIC parent = com.st.microxplorer.plugins.ip.nvic.MultiNvicIntPanel[,0,0,0x0,invalid,layout=javax.swing.BoxLayout,alignmentX=0.0,alignmentY=0.0,border=,flags=9,maximumSize=,minimumSize=,preferredSize=]
2024-04-26 02:01:17,261 [INFO] NvicIntPanel:101 - NVIC parent = com.st.microxplorer.plugins.ip.nvic.MultiNvicIntPanel[,0,0,0x0,invalid,layout=javax.swing.BoxLayout,alignmentX=0.0,alignmentY=0.0,border=,flags=9,maximumSize=,minimumSize=,preferredSize=]
2024-04-26 02:01:17,428 [INFO] NvicIntPanel:101 - NVIC parent = com.st.microxplorer.plugins.ip.nvic.MultiNvicIntPanel[,0,0,0x0,invalid,layout=javax.swing.BoxLayout,alignmentX=0.0,alignmentY=0.0,border=,flags=9,maximumSize=,minimumSize=,preferredSize=]
2024-04-26 02:01:17,565 [INFO] NvicIntPanel:101 - NVIC parent = com.st.microxplorer.plugins.ip.nvic.MultiNvicIntPanel[,0,0,0x0,invalid,layout=javax.swing.BoxLayout,alignmentX=0.0,alignmentY=0.0,border=,flags=9,maximumSize=,minimumSize=,preferredSize=]
2024-04-26 02:03:08,963 [INFO] NvicIntPanel:101 - NVIC parent = com.st.microxplorer.plugins.ip.nvic.MultiNvicIntPanel[,0,0,0x0,invalid,layout=javax.swing.BoxLayout,alignmentX=0.0,alignmentY=0.0,border=,flags=9,maximumSize=,minimumSize=,preferredSize=]
2024-04-26 02:03:38,141 [INFO] UtilMem:75 - End SaveConfig() Used Memory: 657416200 Bytes (1073741824)
2024-04-26 02:03:38,239 [INFO] UtilMem:75 - End SaveConfig() Used Memory: 668877656 Bytes (1073741824)
2024-04-26 02:03:38,902 [INFO] UtilMem:75 - End SaveConfig() Used Memory: 696003376 Bytes (1073741824)
2024-04-26 02:03:39,341 [INFO] BlockDiagram:2759 - set Specific Code input for plugin: NVIC
2024-04-26 02:03:39,342 [INFO] BlockDiagram:2759 - set Specific Code input for plugin: USART
2024-04-26 02:03:39,342 [INFO] BlockDiagram:2759 - set Specific Code input for plugin: DMA
2024-04-26 02:03:39,342 [INFO] BlockDiagram:2759 - set Specific Code input for plugin: TIM1_8C0
2024-04-26 02:03:39,342 [INFO] BlockDiagram:2759 - set Specific Code input for plugin: TIM1_8C0
2024-04-26 02:03:39,342 [INFO] BlockDiagram:2759 - set Specific Code input for plugin: SYS
2024-04-26 02:03:39,342 [INFO] BlockDiagram:2759 - set Specific Code input for plugin: DEBUG
2024-04-26 02:03:39,342 [INFO] BlockDiagram:2759 - set Specific Code input for plugin: GPIO
2024-04-26 02:03:39,343 [INFO] BlockDiagram:2759 - set Specific Code input for plugin: ADC
2024-04-26 02:03:39,343 [INFO] BlockDiagram:2759 - set Specific Code input for plugin: RCC
2024-04-26 02:03:39,343 [INFO] BlockDiagram:2759 - set Specific Code input for plugin: I2C
2024-04-26 02:03:39,344 [INFO] CodeGenerator:807 - code generatio: config db path: C:\ST\STM32CubeIDE_1.14.1\STM32CubeIDE\plugins\com.st.stm32cube.common.mx_6.10.0.202311202037\\db\
2024-04-26 02:03:39,353 [INFO] Argument:325 - Argument : hdmavalue: null
2024-04-26 02:03:39,353 [INFO] Argument:327 - 	 sub Args: 
2024-04-26 02:03:39,353 [INFO] Argument:325 - Argument : Instancevalue: DMA1_Channel1
2024-04-26 02:03:39,353 [INFO] Argument:335 - Argument : Instancevalue: DMA1_Channel1
2024-04-26 02:03:39,353 [INFO] Argument:325 - Argument : Initvalue: null
2024-04-26 02:03:39,353 [INFO] Argument:327 - 	 sub Args: 
2024-04-26 02:03:39,353 [INFO] Argument:325 - Argument : Requestvalue: DMA_REQUEST_ADC1
2024-04-26 02:03:39,353 [INFO] Argument:335 - Argument : Requestvalue: DMA_REQUEST_ADC1
2024-04-26 02:03:39,353 [INFO] Argument:325 - Argument : Directionvalue: DMA_PERIPH_TO_MEMORY
2024-04-26 02:03:39,353 [INFO] Argument:335 - Argument : Directionvalue: DMA_PERIPH_TO_MEMORY
2024-04-26 02:03:39,353 [INFO] Argument:325 - Argument : PeriphIncvalue: DMA_PINC_DISABLE
2024-04-26 02:03:39,353 [INFO] Argument:335 - Argument : PeriphIncvalue: DMA_PINC_DISABLE
2024-04-26 02:03:39,353 [INFO] Argument:325 - Argument : MemIncvalue: DMA_MINC_ENABLE
2024-04-26 02:03:39,354 [INFO] Argument:335 - Argument : MemIncvalue: DMA_MINC_ENABLE
2024-04-26 02:03:39,354 [INFO] Argument:325 - Argument : PeriphDataAlignmentvalue: DMA_PDATAALIGN_HALFWORD
2024-04-26 02:03:39,354 [INFO] Argument:335 - Argument : PeriphDataAlignmentvalue: DMA_PDATAALIGN_HALFWORD
2024-04-26 02:03:39,354 [INFO] Argument:325 - Argument : MemDataAlignmentvalue: DMA_MDATAALIGN_HALFWORD
2024-04-26 02:03:39,354 [INFO] Argument:335 - Argument : MemDataAlignmentvalue: DMA_MDATAALIGN_HALFWORD
2024-04-26 02:03:39,354 [INFO] Argument:325 - Argument : Modevalue: DMA_CIRCULAR
2024-04-26 02:03:39,354 [INFO] Argument:335 - Argument : Modevalue: DMA_CIRCULAR
2024-04-26 02:03:39,354 [INFO] Argument:325 - Argument : Priorityvalue: DMA_PRIORITY_LOW
2024-04-26 02:03:39,354 [INFO] Argument:335 - Argument : Priorityvalue: DMA_PRIORITY_LOW
2024-04-26 02:03:39,354 [INFO] Argument:325 - Argument : Lockvalue: null
2024-04-26 02:03:39,354 [INFO] Argument:335 - Argument : Lockvalue: null
2024-04-26 02:03:39,354 [INFO] Argument:325 - Argument : Statevalue: null
2024-04-26 02:03:39,354 [INFO] Argument:335 - Argument : Statevalue: null
2024-04-26 02:03:39,354 [INFO] Argument:325 - Argument : Parentvalue: null
2024-04-26 02:03:39,354 [INFO] Argument:335 - Argument : Parentvalue: null
2024-04-26 02:03:39,354 [INFO] Argument:325 - Argument : XferCpltCallbackvalue: null
2024-04-26 02:03:39,354 [INFO] Argument:335 - Argument : XferCpltCallbackvalue: null
2024-04-26 02:03:39,355 [INFO] Argument:325 - Argument : XferHalfCpltCallbackvalue: null
2024-04-26 02:03:39,355 [INFO] Argument:335 - Argument : XferHalfCpltCallbackvalue: null
2024-04-26 02:03:39,355 [INFO] Argument:325 - Argument : XferErrorCallbackvalue: null
2024-04-26 02:03:39,355 [INFO] Argument:335 - Argument : XferErrorCallbackvalue: null
2024-04-26 02:03:39,355 [INFO] Argument:325 - Argument : XferAbortCallbackvalue: null
2024-04-26 02:03:39,355 [INFO] Argument:335 - Argument : XferAbortCallbackvalue: null
2024-04-26 02:03:39,355 [INFO] Argument:325 - Argument : ErrorCodevalue: null
2024-04-26 02:03:39,355 [INFO] Argument:335 - Argument : ErrorCodevalue: null
2024-04-26 02:03:39,355 [INFO] Argument:325 - Argument : ChannelIndexvalue: null
2024-04-26 02:03:39,355 [INFO] Argument:335 - Argument : ChannelIndexvalue: null
2024-04-26 02:03:39,355 [INFO] Argument:325 - Argument : DMAmuxChannelvalue: null
2024-04-26 02:03:39,356 [INFO] Argument:335 - Argument : DMAmuxChannelvalue: null
2024-04-26 02:03:39,356 [INFO] Argument:325 - Argument : DMAmuxChannelStatusvalue: null
2024-04-26 02:03:39,356 [INFO] Argument:335 - Argument : DMAmuxChannelStatusvalue: null
2024-04-26 02:03:39,356 [INFO] Argument:325 - Argument : DMAmuxChannelStatusMaskvalue: null
2024-04-26 02:03:39,356 [INFO] Argument:335 - Argument : DMAmuxChannelStatusMaskvalue: null
2024-04-26 02:03:39,356 [INFO] Argument:325 - Argument : DMAmuxRequestGenvalue: null
2024-04-26 02:03:39,356 [INFO] Argument:335 - Argument : DMAmuxRequestGenvalue: null
2024-04-26 02:03:39,356 [INFO] Argument:325 - Argument : DMAmuxRequestGenStatusvalue: null
2024-04-26 02:03:39,356 [INFO] Argument:335 - Argument : DMAmuxRequestGenStatusvalue: null
2024-04-26 02:03:39,356 [INFO] Argument:325 - Argument : DMAmuxRequestGenStatusMaskvalue: null
2024-04-26 02:03:39,356 [INFO] Argument:335 - Argument : DMAmuxRequestGenStatusMaskvalue: null
2024-04-26 02:03:39,404 [WARN] IP:2119 - FIFOMode not found: check if there is a RefParameter without a condition.
2024-04-26 02:03:39,405 [WARN] IP:2119 - TXFIFOThreshold not found: check if there is a RefParameter without a condition.
2024-04-26 02:03:39,405 [WARN] IP:2119 - RXFIFOThreshold not found: check if there is a RefParameter without a condition.
2024-04-26 02:03:39,405 [WARN] IP:2119 - AutoBaudRateEnableParam not found: check if there is a RefParameter without a condition.
2024-04-26 02:03:39,704 [INFO] CodeEngine:255 - oldGeneratedFile, C:\Users\choua\STM32CubeIDE\MakeCutter_ST\saad_course\MXTmpFiles\license.tmp_save
2024-04-26 02:03:39,896 [INFO] CodeEngine:279 - Generated code: C:\Users\choua\STM32CubeIDE\MakeCutter_ST\saad_course\MXTmpFiles\license.tmp
2024-04-26 02:03:39,952 [INFO] CodeEngine:255 - oldGeneratedFile, C:\Users\choua\STM32CubeIDE\MakeCutter_ST\saad_course\MXTmpFiles\gpio.tmp_save
2024-04-26 02:03:40,070 [INFO] CodeEngine:279 - Generated code: C:\Users\choua\STM32CubeIDE\MakeCutter_ST\saad_course\MXTmpFiles\gpio.tmp
2024-04-26 02:03:40,269 [WARN] IPConfigManager:99 - WARNING: Missing Config File for DEBUG ip!!
2024-04-26 02:03:41,012 [INFO] CodeEngine:255 - oldGeneratedFile, C:\Users\choua\STM32CubeIDE\MakeCutter_ST\saad_course\MXTmpFiles\cortex.tmp_save
2024-04-26 02:03:41,212 [INFO] CodeEngine:279 - Generated code: C:\Users\choua\STM32CubeIDE\MakeCutter_ST\saad_course\MXTmpFiles\cortex.tmp
2024-04-26 02:03:41,271 [INFO] CodeEngine:255 - oldGeneratedFile, C:\Users\choua\STM32CubeIDE\MakeCutter_ST\saad_course\MXTmpFiles\dma.tmp_save
2024-04-26 02:03:41,425 [INFO] CodeEngine:279 - Generated code: C:\Users\choua\STM32CubeIDE\MakeCutter_ST\saad_course\MXTmpFiles\dma.tmp
2024-04-26 02:03:41,429 [INFO] CodeEngine:255 - oldGeneratedFile, C:\Users\choua\STM32CubeIDE\MakeCutter_ST\saad_course\MXTmpFiles\dma_GV.tmp_save
2024-04-26 02:03:41,489 [INFO] CodeEngine:279 - Generated code: C:\Users\choua\STM32CubeIDE\MakeCutter_ST\saad_course\MXTmpFiles\dma_GV.tmp
2024-04-26 02:03:41,519 [INFO] CodeEngine:255 - oldGeneratedFile, C:\Users\choua\STM32CubeIDE\MakeCutter_ST\saad_course\Core\Src\stm32c0xx_it.c_save
2024-04-26 02:03:41,791 [INFO] CodeEngine:279 - Generated code: C:\Users\choua\STM32CubeIDE\MakeCutter_ST\saad_course\Core\Src\stm32c0xx_it.c
2024-04-26 02:03:41,801 [INFO] CodeEngine:255 - oldGeneratedFile, C:\Users\choua\STM32CubeIDE\MakeCutter_ST\saad_course\Core\Inc\stm32c0xx_it.h_save
2024-04-26 02:03:41,897 [INFO] CodeEngine:279 - Generated code: C:\Users\choua\STM32CubeIDE\MakeCutter_ST\saad_course\Core\Inc\stm32c0xx_it.h
2024-04-26 02:03:42,055 [INFO] CodeEngine:255 - oldGeneratedFile, C:\Users\choua\STM32CubeIDE\MakeCutter_ST\saad_course\Core\Src\stm32c0xx_hal_msp.c_save
2024-04-26 02:03:42,270 [INFO] CodeEngine:279 - Generated code: C:\Users\choua\STM32CubeIDE\MakeCutter_ST\saad_course\Core\Src\stm32c0xx_hal_msp.c
2024-04-26 02:03:42,289 [INFO] CodeEngine:255 - oldGeneratedFile, C:\Users\choua\STM32CubeIDE\MakeCutter_ST\saad_course\MXTmpFiles\system.tmp_save
2024-04-26 02:03:42,351 [INFO] CodeEngine:279 - Generated code: C:\Users\choua\STM32CubeIDE\MakeCutter_ST\saad_course\MXTmpFiles\system.tmp
2024-04-26 02:03:42,384 [INFO] CodeEngine:311 - oldGeneratedFile, C:\Users\choua\STM32CubeIDE\MakeCutter_ST\saad_course\Core\Inc\stm32c0xx_hal_conf.h_save
2024-04-26 02:03:42,597 [INFO] CodeEngine:335 - Generated code: C:\Users\choua\STM32CubeIDE\MakeCutter_ST\saad_course\Core\Inc\stm32c0xx_hal_conf.h
2024-04-26 02:03:42,615 [WARN] IPConfigManager:2946 - Warning: the RefConfig RCC_ConfigVoltageScaling is not available in your config.xml file
2024-04-26 02:03:42,617 [WARN] IPConfigManager:2946 - Warning: the RefConfig RCC_PClockConfig is not available in your config.xml file
2024-04-26 02:03:42,617 [WARN] IPConfigManager:2946 - Warning: the RefConfig RCC_interrupt_Time_SYSTICK_Config is not available in your config.xml file
2024-04-26 02:03:42,622 [WARN] IPConfigManager:3440 - IP not found : TIM
2024-04-26 02:03:42,623 [WARN] CodeGenerator:3939 - IP not found : null
2024-04-26 02:03:42,672 [INFO] CodeEngine:255 - oldGeneratedFile, C:\Users\choua\STM32CubeIDE\MakeCutter_ST\saad_course\Core\Inc\main.h_save
2024-04-26 02:03:42,806 [INFO] CodeEngine:279 - Generated code: C:\Users\choua\STM32CubeIDE\MakeCutter_ST\saad_course\Core\Inc\main.h
2024-04-26 02:03:42,830 [INFO] CodeEngine:255 - oldGeneratedFile, C:\Users\choua\STM32CubeIDE\MakeCutter_ST\saad_course\Core\Src\main.c_save
2024-04-26 02:03:43,054 [INFO] CodeEngine:279 - Generated code: C:\Users\choua\STM32CubeIDE\MakeCutter_ST\saad_course\Core\Src\main.c
2024-04-26 02:03:43,761 [INFO] ProjectBuilder:3076 - Time for Copy HAL[1] : 184mS.
2024-04-26 02:03:43,764 [INFO] ProjectBuilder:4485 - Project Generator version: 4.2.0-B44
2024-04-26 02:03:44,108 [INFO] ConfigFileManager:1495 - The Die is : DIE453
2024-04-26 02:03:45,884 [INFO] ProjectBuilder:4747 - Time for Generating toolchain IDE Files: 2119mS.
2024-04-26 02:03:45,885 [INFO] ProjectBuilder:2947 - Time for Copy CMSIS : 1mS.
2024-04-26 02:03:45,890 [INFO] ProjectBuilder:2947 - Time for Copy CMSIS : 0mS.
2024-04-26 17:17:53,350 [INFO] UtilMem:75 - End SaveConfig() Used Memory: 869792928 Bytes (1073741824)
2024-04-26 17:17:53,524 [INFO] UtilMem:75 - End SaveConfig() Used Memory: 647664736 Bytes (1073741824)
2024-04-26 17:17:54,149 [INFO] UtilMem:75 - End SaveConfig() Used Memory: 674494256 Bytes (1073741824)
2024-04-26 17:17:54,564 [INFO] BlockDiagram:2759 - set Specific Code input for plugin: NVIC
2024-04-26 17:17:54,565 [INFO] BlockDiagram:2759 - set Specific Code input for plugin: USART
2024-04-26 17:17:54,565 [INFO] BlockDiagram:2759 - set Specific Code input for plugin: DMA
2024-04-26 17:17:54,565 [INFO] BlockDiagram:2759 - set Specific Code input for plugin: TIM1_8C0
2024-04-26 17:17:54,565 [INFO] BlockDiagram:2759 - set Specific Code input for plugin: TIM1_8C0
2024-04-26 17:17:54,565 [INFO] BlockDiagram:2759 - set Specific Code input for plugin: SYS
2024-04-26 17:17:54,565 [INFO] BlockDiagram:2759 - set Specific Code input for plugin: DEBUG
2024-04-26 17:17:54,565 [INFO] BlockDiagram:2759 - set Specific Code input for plugin: GPIO
2024-04-26 17:17:54,565 [INFO] BlockDiagram:2759 - set Specific Code input for plugin: ADC
2024-04-26 17:17:54,565 [INFO] BlockDiagram:2759 - set Specific Code input for plugin: RCC
2024-04-26 17:17:54,565 [INFO] BlockDiagram:2759 - set Specific Code input for plugin: I2C
2024-04-26 17:17:54,566 [INFO] CodeGenerator:807 - code generatio: config db path: C:\ST\STM32CubeIDE_1.14.1\STM32CubeIDE\plugins\com.st.stm32cube.common.mx_6.10.0.202311202037\\db\
2024-04-26 17:17:54,572 [INFO] Argument:325 - Argument : hdmavalue: null
2024-04-26 17:17:54,572 [INFO] Argument:327 - 	 sub Args: 
2024-04-26 17:17:54,572 [INFO] Argument:325 - Argument : Instancevalue: DMA1_Channel1
2024-04-26 17:17:54,572 [INFO] Argument:335 - Argument : Instancevalue: DMA1_Channel1
2024-04-26 17:17:54,572 [INFO] Argument:325 - Argument : Initvalue: null
2024-04-26 17:17:54,572 [INFO] Argument:327 - 	 sub Args: 
2024-04-26 17:17:54,572 [INFO] Argument:325 - Argument : Requestvalue: DMA_REQUEST_ADC1
2024-04-26 17:17:54,572 [INFO] Argument:335 - Argument : Requestvalue: DMA_REQUEST_ADC1
2024-04-26 17:17:54,572 [INFO] Argument:325 - Argument : Directionvalue: DMA_PERIPH_TO_MEMORY
2024-04-26 17:17:54,572 [INFO] Argument:335 - Argument : Directionvalue: DMA_PERIPH_TO_MEMORY
2024-04-26 17:17:54,572 [INFO] Argument:325 - Argument : PeriphIncvalue: DMA_PINC_DISABLE
2024-04-26 17:17:54,572 [INFO] Argument:335 - Argument : PeriphIncvalue: DMA_PINC_DISABLE
2024-04-26 17:17:54,572 [INFO] Argument:325 - Argument : MemIncvalue: DMA_MINC_ENABLE
2024-04-26 17:17:54,572 [INFO] Argument:335 - Argument : MemIncvalue: DMA_MINC_ENABLE
2024-04-26 17:17:54,572 [INFO] Argument:325 - Argument : PeriphDataAlignmentvalue: DMA_PDATAALIGN_HALFWORD
2024-04-26 17:17:54,573 [INFO] Argument:335 - Argument : PeriphDataAlignmentvalue: DMA_PDATAALIGN_HALFWORD
2024-04-26 17:17:54,573 [INFO] Argument:325 - Argument : MemDataAlignmentvalue: DMA_MDATAALIGN_HALFWORD
2024-04-26 17:17:54,573 [INFO] Argument:335 - Argument : MemDataAlignmentvalue: DMA_MDATAALIGN_HALFWORD
2024-04-26 17:17:54,573 [INFO] Argument:325 - Argument : Modevalue: DMA_CIRCULAR
2024-04-26 17:17:54,573 [INFO] Argument:335 - Argument : Modevalue: DMA_CIRCULAR
2024-04-26 17:17:54,573 [INFO] Argument:325 - Argument : Priorityvalue: DMA_PRIORITY_LOW
2024-04-26 17:17:54,573 [INFO] Argument:335 - Argument : Priorityvalue: DMA_PRIORITY_LOW
2024-04-26 17:17:54,573 [INFO] Argument:325 - Argument : Lockvalue: null
2024-04-26 17:17:54,573 [INFO] Argument:335 - Argument : Lockvalue: null
2024-04-26 17:17:54,573 [INFO] Argument:325 - Argument : Statevalue: null
2024-04-26 17:17:54,573 [INFO] Argument:335 - Argument : Statevalue: null
2024-04-26 17:17:54,573 [INFO] Argument:325 - Argument : Parentvalue: null
2024-04-26 17:17:54,573 [INFO] Argument:335 - Argument : Parentvalue: null
2024-04-26 17:17:54,573 [INFO] Argument:325 - Argument : XferCpltCallbackvalue: null
2024-04-26 17:17:54,573 [INFO] Argument:335 - Argument : XferCpltCallbackvalue: null
2024-04-26 17:17:54,573 [INFO] Argument:325 - Argument : XferHalfCpltCallbackvalue: null
2024-04-26 17:17:54,573 [INFO] Argument:335 - Argument : XferHalfCpltCallbackvalue: null
2024-04-26 17:17:54,573 [INFO] Argument:325 - Argument : XferErrorCallbackvalue: null
2024-04-26 17:17:54,573 [INFO] Argument:335 - Argument : XferErrorCallbackvalue: null
2024-04-26 17:17:54,573 [INFO] Argument:325 - Argument : XferAbortCallbackvalue: null
2024-04-26 17:17:54,573 [INFO] Argument:335 - Argument : XferAbortCallbackvalue: null
2024-04-26 17:17:54,573 [INFO] Argument:325 - Argument : ErrorCodevalue: null
2024-04-26 17:17:54,573 [INFO] Argument:335 - Argument : ErrorCodevalue: null
2024-04-26 17:17:54,573 [INFO] Argument:325 - Argument : ChannelIndexvalue: null
2024-04-26 17:17:54,573 [INFO] Argument:335 - Argument : ChannelIndexvalue: null
2024-04-26 17:17:54,573 [INFO] Argument:325 - Argument : DMAmuxChannelvalue: null
2024-04-26 17:17:54,573 [INFO] Argument:335 - Argument : DMAmuxChannelvalue: null
2024-04-26 17:17:54,573 [INFO] Argument:325 - Argument : DMAmuxChannelStatusvalue: null
2024-04-26 17:17:54,573 [INFO] Argument:335 - Argument : DMAmuxChannelStatusvalue: null
2024-04-26 17:17:54,573 [INFO] Argument:325 - Argument : DMAmuxChannelStatusMaskvalue: null
2024-04-26 17:17:54,573 [INFO] Argument:335 - Argument : DMAmuxChannelStatusMaskvalue: null
2024-04-26 17:17:54,573 [INFO] Argument:325 - Argument : DMAmuxRequestGenvalue: null
2024-04-26 17:17:54,573 [INFO] Argument:335 - Argument : DMAmuxRequestGenvalue: null
2024-04-26 17:17:54,573 [INFO] Argument:325 - Argument : DMAmuxRequestGenStatusvalue: null
2024-04-26 17:17:54,573 [INFO] Argument:335 - Argument : DMAmuxRequestGenStatusvalue: null
2024-04-26 17:17:54,573 [INFO] Argument:325 - Argument : DMAmuxRequestGenStatusMaskvalue: null
2024-04-26 17:17:54,573 [INFO] Argument:335 - Argument : DMAmuxRequestGenStatusMaskvalue: null
2024-04-26 17:17:54,640 [WARN] IP:2119 - FIFOMode not found: check if there is a RefParameter without a condition.
2024-04-26 17:17:54,640 [WARN] IP:2119 - TXFIFOThreshold not found: check if there is a RefParameter without a condition.
2024-04-26 17:17:54,640 [WARN] IP:2119 - RXFIFOThreshold not found: check if there is a RefParameter without a condition.
2024-04-26 17:17:54,640 [WARN] IP:2119 - AutoBaudRateEnableParam not found: check if there is a RefParameter without a condition.
2024-04-26 17:17:54,852 [INFO] CodeEngine:255 - oldGeneratedFile, C:\Users\choua\STM32CubeIDE\MakeCutter_ST\saad_course\MXTmpFiles\license.tmp_save
2024-04-26 17:17:54,953 [INFO] CodeEngine:279 - Generated code: C:\Users\choua\STM32CubeIDE\MakeCutter_ST\saad_course\MXTmpFiles\license.tmp
2024-04-26 17:17:55,032 [INFO] CodeEngine:255 - oldGeneratedFile, C:\Users\choua\STM32CubeIDE\MakeCutter_ST\saad_course\MXTmpFiles\gpio.tmp_save
2024-04-26 17:17:55,149 [INFO] CodeEngine:279 - Generated code: C:\Users\choua\STM32CubeIDE\MakeCutter_ST\saad_course\MXTmpFiles\gpio.tmp
2024-04-26 17:17:55,460 [WARN] IPConfigManager:99 - WARNING: Missing Config File for DEBUG ip!!
2024-04-26 17:17:56,091 [INFO] CodeEngine:255 - oldGeneratedFile, C:\Users\choua\STM32CubeIDE\MakeCutter_ST\saad_course\MXTmpFiles\cortex.tmp_save
2024-04-26 17:17:56,221 [INFO] CodeEngine:279 - Generated code: C:\Users\choua\STM32CubeIDE\MakeCutter_ST\saad_course\MXTmpFiles\cortex.tmp
2024-04-26 17:17:56,290 [INFO] CodeEngine:255 - oldGeneratedFile, C:\Users\choua\STM32CubeIDE\MakeCutter_ST\saad_course\MXTmpFiles\dma.tmp_save
2024-04-26 17:17:56,399 [INFO] CodeEngine:279 - Generated code: C:\Users\choua\STM32CubeIDE\MakeCutter_ST\saad_course\MXTmpFiles\dma.tmp
2024-04-26 17:17:56,410 [INFO] CodeEngine:255 - oldGeneratedFile, C:\Users\choua\STM32CubeIDE\MakeCutter_ST\saad_course\MXTmpFiles\dma_GV.tmp_save
2024-04-26 17:17:56,479 [INFO] CodeEngine:279 - Generated code: C:\Users\choua\STM32CubeIDE\MakeCutter_ST\saad_course\MXTmpFiles\dma_GV.tmp
2024-04-26 17:17:56,534 [INFO] CodeEngine:255 - oldGeneratedFile, C:\Users\choua\STM32CubeIDE\MakeCutter_ST\saad_course\Core\Src\stm32c0xx_it.c_save
2024-04-26 17:17:56,780 [INFO] CodeEngine:279 - Generated code: C:\Users\choua\STM32CubeIDE\MakeCutter_ST\saad_course\Core\Src\stm32c0xx_it.c
2024-04-26 17:17:56,840 [INFO] CodeEngine:255 - oldGeneratedFile, C:\Users\choua\STM32CubeIDE\MakeCutter_ST\saad_course\Core\Inc\stm32c0xx_it.h_save
2024-04-26 17:17:56,936 [INFO] CodeEngine:279 - Generated code: C:\Users\choua\STM32CubeIDE\MakeCutter_ST\saad_course\Core\Inc\stm32c0xx_it.h
2024-04-26 17:17:57,036 [INFO] CodeEngine:255 - oldGeneratedFile, C:\Users\choua\STM32CubeIDE\MakeCutter_ST\saad_course\Core\Src\stm32c0xx_hal_msp.c_save
2024-04-26 17:17:57,279 [INFO] CodeEngine:279 - Generated code: C:\Users\choua\STM32CubeIDE\MakeCutter_ST\saad_course\Core\Src\stm32c0xx_hal_msp.c
2024-04-26 17:17:57,328 [INFO] CodeEngine:255 - oldGeneratedFile, C:\Users\choua\STM32CubeIDE\MakeCutter_ST\saad_course\MXTmpFiles\system.tmp_save
2024-04-26 17:17:57,428 [INFO] CodeEngine:279 - Generated code: C:\Users\choua\STM32CubeIDE\MakeCutter_ST\saad_course\MXTmpFiles\system.tmp
2024-04-26 17:17:57,467 [INFO] CodeEngine:311 - oldGeneratedFile, C:\Users\choua\STM32CubeIDE\MakeCutter_ST\saad_course\Core\Inc\stm32c0xx_hal_conf.h_save
2024-04-26 17:17:57,603 [INFO] CodeEngine:335 - Generated code: C:\Users\choua\STM32CubeIDE\MakeCutter_ST\saad_course\Core\Inc\stm32c0xx_hal_conf.h
2024-04-26 17:17:57,647 [WARN] IPConfigManager:2946 - Warning: the RefConfig RCC_ConfigVoltageScaling is not available in your config.xml file
2024-04-26 17:17:57,653 [WARN] IPConfigManager:2946 - Warning: the RefConfig RCC_PClockConfig is not available in your config.xml file
2024-04-26 17:17:57,654 [WARN] IPConfigManager:2946 - Warning: the RefConfig RCC_interrupt_Time_SYSTICK_Config is not available in your config.xml file
2024-04-26 17:17:57,667 [WARN] IPConfigManager:3440 - IP not found : TIM
2024-04-26 17:17:57,673 [WARN] CodeGenerator:3939 - IP not found : null
2024-04-26 17:17:57,768 [INFO] CodeEngine:255 - oldGeneratedFile, C:\Users\choua\STM32CubeIDE\MakeCutter_ST\saad_course\Core\Inc\main.h_save
2024-04-26 17:17:57,942 [INFO] CodeEngine:279 - Generated code: C:\Users\choua\STM32CubeIDE\MakeCutter_ST\saad_course\Core\Inc\main.h
2024-04-26 17:17:57,978 [INFO] CodeEngine:255 - oldGeneratedFile, C:\Users\choua\STM32CubeIDE\MakeCutter_ST\saad_course\Core\Src\main.c_save
2024-04-26 17:17:58,231 [INFO] CodeEngine:279 - Generated code: C:\Users\choua\STM32CubeIDE\MakeCutter_ST\saad_course\Core\Src\main.c
2024-04-26 17:17:58,873 [INFO] ProjectBuilder:3076 - Time for Copy HAL[1] : 233mS.
2024-04-26 17:17:58,877 [INFO] ProjectBuilder:4485 - Project Generator version: 4.2.0-B44
2024-04-26 17:17:59,298 [INFO] ConfigFileManager:1495 - The Die is : DIE453
2024-04-26 17:18:02,716 [INFO] ProjectBuilder:4747 - Time for Generating toolchain IDE Files: 3839mS.
2024-04-26 17:18:02,717 [INFO] ProjectBuilder:2947 - Time for Copy CMSIS : 0mS.
2024-04-26 17:18:02,733 [INFO] ProjectBuilder:2947 - Time for Copy CMSIS : 0mS.
